C:\Users\ZachKrueger\Documents\AI\axis_distortion\axis_distortion\hls\.autopilot\db\distortion.pp.0.cpp:27936:5: warning: Added loop label VITIS_LOOP_676_1:   [xilinx-label-all-loops]
    for (unsigned i = low; i != high+1; ++i) {
    ^~~
    VITIS_LOOP_676_1: 
C:\Users\ZachKrueger\Documents\AI\axis_distortion\axis_distortion\hls\.autopilot\db\distortion.pp.0.cpp:27936:5: note: FIX-IT applied suggested code changes
C:\Users\ZachKrueger\Documents\AI\axis_distortion\axis_distortion\hls\.autopilot\db\distortion.pp.0.cpp:27950:5: warning: Added loop label VITIS_LOOP_690_1:   [xilinx-label-all-loops]
    for (unsigned i = low; i != high+1; ++i) {
    ^~~
    VITIS_LOOP_690_1: 
C:\Users\ZachKrueger\Documents\AI\axis_distortion\axis_distortion\hls\.autopilot\db\distortion.pp.0.cpp:27950:5: note: FIX-IT applied suggested code changes
C:\Users\ZachKrueger\Documents\AI\axis_distortion\axis_distortion\hls\.autopilot\db\distortion.pp.0.cpp:27964:5: warning: Added loop label VITIS_LOOP_704_1:   [xilinx-label-all-loops]
    for (unsigned i = low; i != high+1; ++i) {
    ^~~
    VITIS_LOOP_704_1: 
C:\Users\ZachKrueger\Documents\AI\axis_distortion\axis_distortion\hls\.autopilot\db\distortion.pp.0.cpp:27964:5: note: FIX-IT applied suggested code changes
C:\Users\ZachKrueger\Documents\AI\axis_distortion\axis_distortion\hls\.autopilot\db\distortion.pp.0.cpp:29598:7: warning: Added loop label VITIS_LOOP_1248_1:   [xilinx-label-all-loops]
      for (i = 0; i < __N - 1; ++i) {
      ^~~
      VITIS_LOOP_1248_1: 
C:\Users\ZachKrueger\Documents\AI\axis_distortion\axis_distortion\hls\.autopilot\db\distortion.pp.0.cpp:29598:7: note: FIX-IT applied suggested code changes
