Copyright 1986-2022 Xilinx, Inc. All Rights Reserved. Copyright 2022-2024 Advanced Micro Devices, Inc. All Rights Reserved.
---------------------------------------------------------------------------------------------------------------------------------------------
| Tool Version : Vivado v.2024.2 (win64) Build 5239630 Fri Nov 08 22:35:27 MST 2024
| Date         : Thu Feb 20 15:39:10 2025
| Host         : DESKTOP-KNM12BH running 64-bit major release  (build 9200)
| Command      : upgrade_ip
| Device       : xc7a35tcpg236-1
---------------------------------------------------------------------------------------------------------------------------------------------

Upgrade Log for IP 'master_audio_control_4'

1. Summary
----------

CAUTION (success, with warnings) in the upgrade of master_audio_control_4 (xilinx.com:hls:master_audio_control:1.0) from (Rev. 2113963522) to (Rev. 2113963533)

After upgrade, an IP may have parameter and port differences compared to the original customization. Please review the parameters within the IP customization GUI to ensure proper functionality. Also, please review the updated IP instantiation template to ensure proper connectivity, and update your design if required.

2. Connection Warnings
----------------------

Detected external port differences while upgrading 'master_audio_control_4'. These changes may impact your design.


-Upgrade has added port 'gain_high'

-Upgrade has added port 'gain_low'

-Upgrade has added port 'gain_mid'

-Upgrade has added port 'hard_clip_level'







Copyright 1986-2022 Xilinx, Inc. All Rights Reserved. Copyright 2022-2024 Advanced Micro Devices, Inc. All Rights Reserved.
---------------------------------------------------------------------------------------------------------------------------------------------
| Tool Version : Vivado v.2024.2 (win64) Build 5239630 Fri Nov 08 22:35:27 MST 2024
| Date         : Thu Feb 20 15:39:07 2025
| Host         : DESKTOP-KNM12BH running 64-bit major release  (build 9200)
| Command      : upgrade_ip
| Device       : xc7a35tcpg236-1
---------------------------------------------------------------------------------------------------------------------------------------------

Upgrade Log for IP 'master_audio_control_3'

1. Summary
----------

CAUTION (success, with warnings) in the upgrade of master_audio_control_3 (xilinx.com:hls:master_audio_control:1.0) from (Rev. 2113963522) to (Rev. 2113963533)

After upgrade, an IP may have parameter and port differences compared to the original customization. Please review the parameters within the IP customization GUI to ensure proper functionality. Also, please review the updated IP instantiation template to ensure proper connectivity, and update your design if required.

2. Connection Warnings
----------------------

Detected external port differences while upgrading 'master_audio_control_3'. These changes may impact your design.


-Upgrade has added port 'gain_high'

-Upgrade has added port 'gain_low'

-Upgrade has added port 'gain_mid'

-Upgrade has added port 'hard_clip_level'







Copyright 1986-2022 Xilinx, Inc. All Rights Reserved. Copyright 2022-2024 Advanced Micro Devices, Inc. All Rights Reserved.
---------------------------------------------------------------------------------------------------------------------------------------------
| Tool Version : Vivado v.2024.2 (win64) Build 5239630 Fri Nov 08 22:35:27 MST 2024
| Date         : Thu Feb 20 15:39:07 2025
| Host         : DESKTOP-KNM12BH running 64-bit major release  (build 9200)
| Command      : upgrade_ip
| Device       : xc7a35tcpg236-1
---------------------------------------------------------------------------------------------------------------------------------------------

Upgrade Log for IP 'master_audio_control_2'

1. Summary
----------

CAUTION (success, with warnings) in the upgrade of master_audio_control_2 (xilinx.com:hls:master_audio_control:1.0) from (Rev. 2113963522) to (Rev. 2113963533)

After upgrade, an IP may have parameter and port differences compared to the original customization. Please review the parameters within the IP customization GUI to ensure proper functionality. Also, please review the updated IP instantiation template to ensure proper connectivity, and update your design if required.

2. Connection Warnings
----------------------

Detected external port differences while upgrading 'master_audio_control_2'. These changes may impact your design.


-Upgrade has added port 'gain_high'

-Upgrade has added port 'gain_low'

-Upgrade has added port 'gain_mid'

-Upgrade has added port 'hard_clip_level'







Copyright 1986-2022 Xilinx, Inc. All Rights Reserved. Copyright 2022-2024 Advanced Micro Devices, Inc. All Rights Reserved.
---------------------------------------------------------------------------------------------------------------------------------------------
| Tool Version : Vivado v.2024.2 (win64) Build 5239630 Fri Nov 08 22:35:27 MST 2024
| Date         : Thu Feb 20 15:39:07 2025
| Host         : DESKTOP-KNM12BH running 64-bit major release  (build 9200)
| Command      : upgrade_ip
| Device       : xc7a35tcpg236-1
---------------------------------------------------------------------------------------------------------------------------------------------

Upgrade Log for IP 'master_audio_control_1'

1. Summary
----------

CAUTION (success, with warnings) in the upgrade of master_audio_control_1 (xilinx.com:hls:master_audio_control:1.0) from (Rev. 2113963522) to (Rev. 2113963533)

After upgrade, an IP may have parameter and port differences compared to the original customization. Please review the parameters within the IP customization GUI to ensure proper functionality. Also, please review the updated IP instantiation template to ensure proper connectivity, and update your design if required.

2. Connection Warnings
----------------------

Detected external port differences while upgrading 'master_audio_control_1'. These changes may impact your design.


-Upgrade has added port 'gain_high'

-Upgrade has added port 'gain_low'

-Upgrade has added port 'gain_mid'

-Upgrade has added port 'hard_clip_level'







Copyright 1986-2022 Xilinx, Inc. All Rights Reserved. Copyright 2022-2024 Advanced Micro Devices, Inc. All Rights Reserved.
---------------------------------------------------------------------------------------------------------------------------------------------
| Tool Version : Vivado v.2024.2 (win64) Build 5239630 Fri Nov 08 22:35:27 MST 2024
| Date         : Thu Feb 20 15:39:06 2025
| Host         : DESKTOP-KNM12BH running 64-bit major release  (build 9200)
| Command      : upgrade_ip
| Device       : xc7a35tcpg236-1
---------------------------------------------------------------------------------------------------------------------------------------------

Upgrade Log for IP 'master_audio_control_0'

1. Summary
----------

CAUTION (success, with warnings) in the upgrade of master_audio_control_0 (xilinx.com:hls:master_audio_control:1.0) from (Rev. 2113963522) to (Rev. 2113963533)

After upgrade, an IP may have parameter and port differences compared to the original customization. Please review the parameters within the IP customization GUI to ensure proper functionality. Also, please review the updated IP instantiation template to ensure proper connectivity, and update your design if required.

2. Connection Warnings
----------------------

Detected external port differences while upgrading 'master_audio_control_0'. These changes may impact your design.


-Upgrade has added port 'gain_high'

-Upgrade has added port 'gain_low'

-Upgrade has added port 'gain_mid'

-Upgrade has added port 'hard_clip_level'







Copyright 1986-2022 Xilinx, Inc. All Rights Reserved. Copyright 2022-2024 Advanced Micro Devices, Inc. All Rights Reserved.
---------------------------------------------------------------------------------------------------------------------------------------------
| Tool Version : Vivado v.2024.2 (win64) Build 5239630 Fri Nov 08 22:35:27 MST 2024
| Date         : Thu Feb 20 15:25:35 2025
| Host         : DESKTOP-KNM12BH running 64-bit major release  (build 9200)
| Command      : upgrade_ip
| Device       : xc7a35tcpg236-1
---------------------------------------------------------------------------------------------------------------------------------------------

Upgrade Log for IP 'master_audio_control_4'

1. Summary
----------

SUCCESS in the upgrade of master_audio_control_4 (xilinx.com:hls:master_audio_control:1.0) from (Rev. 2113963495) to (Rev. 2113963522)






Copyright 1986-2022 Xilinx, Inc. All Rights Reserved. Copyright 2022-2024 Advanced Micro Devices, Inc. All Rights Reserved.
---------------------------------------------------------------------------------------------------------------------------------------------
| Tool Version : Vivado v.2024.2 (win64) Build 5239630 Fri Nov 08 22:35:27 MST 2024
| Date         : Thu Feb 20 15:25:32 2025
| Host         : DESKTOP-KNM12BH running 64-bit major release  (build 9200)
| Command      : upgrade_ip
| Device       : xc7a35tcpg236-1
---------------------------------------------------------------------------------------------------------------------------------------------

Upgrade Log for IP 'master_audio_control_3'

1. Summary
----------

SUCCESS in the upgrade of master_audio_control_3 (xilinx.com:hls:master_audio_control:1.0) from (Rev. 2113963241) to (Rev. 2113963522)






Copyright 1986-2022 Xilinx, Inc. All Rights Reserved. Copyright 2022-2024 Advanced Micro Devices, Inc. All Rights Reserved.
---------------------------------------------------------------------------------------------------------------------------------------------
| Tool Version : Vivado v.2024.2 (win64) Build 5239630 Fri Nov 08 22:35:27 MST 2024
| Date         : Thu Feb 20 15:25:32 2025
| Host         : DESKTOP-KNM12BH running 64-bit major release  (build 9200)
| Command      : upgrade_ip
| Device       : xc7a35tcpg236-1
---------------------------------------------------------------------------------------------------------------------------------------------

Upgrade Log for IP 'master_audio_control_2'

1. Summary
----------

SUCCESS in the upgrade of master_audio_control_2 (xilinx.com:hls:master_audio_control:1.0) from (Rev. 2113963241) to (Rev. 2113963522)






Copyright 1986-2022 Xilinx, Inc. All Rights Reserved. Copyright 2022-2024 Advanced Micro Devices, Inc. All Rights Reserved.
---------------------------------------------------------------------------------------------------------------------------------------------
| Tool Version : Vivado v.2024.2 (win64) Build 5239630 Fri Nov 08 22:35:27 MST 2024
| Date         : Thu Feb 20 15:25:32 2025
| Host         : DESKTOP-KNM12BH running 64-bit major release  (build 9200)
| Command      : upgrade_ip
| Device       : xc7a35tcpg236-1
---------------------------------------------------------------------------------------------------------------------------------------------

Upgrade Log for IP 'master_audio_control_1'

1. Summary
----------

SUCCESS in the upgrade of master_audio_control_1 (xilinx.com:hls:master_audio_control:1.0) from (Rev. 2113963241) to (Rev. 2113963522)






Copyright 1986-2022 Xilinx, Inc. All Rights Reserved. Copyright 2022-2024 Advanced Micro Devices, Inc. All Rights Reserved.
---------------------------------------------------------------------------------------------------------------------------------------------
| Tool Version : Vivado v.2024.2 (win64) Build 5239630 Fri Nov 08 22:35:27 MST 2024
| Date         : Thu Feb 20 15:25:32 2025
| Host         : DESKTOP-KNM12BH running 64-bit major release  (build 9200)
| Command      : upgrade_ip
| Device       : xc7a35tcpg236-1
---------------------------------------------------------------------------------------------------------------------------------------------

Upgrade Log for IP 'master_audio_control_0'

1. Summary
----------

SUCCESS in the upgrade of master_audio_control_0 (xilinx.com:hls:master_audio_control:1.0) from (Rev. 2113963241) to (Rev. 2113963522)






Copyright 1986-2022 Xilinx, Inc. All Rights Reserved. Copyright 2022-2024 Advanced Micro Devices, Inc. All Rights Reserved.
---------------------------------------------------------------------------------------------------------------------------------------------
| Tool Version : Vivado v.2024.2 (win64) Build 5239630 Fri Nov 08 22:35:27 MST 2024
| Date         : Thu Feb 20 10:50:05 2025
| Host         : DESKTOP-KNM12BH running 64-bit major release  (build 9200)
| Command      : upgrade_ip
| Device       : xc7a35tcpg236-1
---------------------------------------------------------------------------------------------------------------------------------------------

Upgrade Log for IP 'ila_0'

1. Summary
----------

SUCCESS in the upgrade of ila_0 (xilinx.com:ip:ila:6.2) from (Rev. 12) to (Rev. 16)






Copyright 1986-2022 Xilinx, Inc. All Rights Reserved. Copyright 2022-2024 Advanced Micro Devices, Inc. All Rights Reserved.
---------------------------------------------------------------------------------------------------------------------------------------------
| Tool Version : Vivado v.2024.2 (win64) Build 5239630 Fri Nov 08 22:35:27 MST 2024
| Date         : Thu Feb 20 10:50:02 2025
| Host         : DESKTOP-KNM12BH running 64-bit major release  (build 9200)
| Command      : upgrade_ip
| Device       : xc7a35tcpg236-1
---------------------------------------------------------------------------------------------------------------------------------------------

Upgrade Log for IP 'cordic_0'

1. Summary
----------

SUCCESS in the upgrade of cordic_0 (xilinx.com:ip:cordic:6.0) from (Rev. 18) to (Rev. 23)






Copyright 1986-2022 Xilinx, Inc. All Rights Reserved. Copyright 2022-2024 Advanced Micro Devices, Inc. All Rights Reserved.
---------------------------------------------------------------------------------------------------------------------------------------------
| Tool Version : Vivado v.2024.2 (win64) Build 5239630 Fri Nov 08 22:35:27 MST 2024
| Date         : Thu Feb 20 10:50:01 2025
| Host         : DESKTOP-KNM12BH running 64-bit major release  (build 9200)
| Command      : upgrade_ip
| Device       : xc7a35tcpg236-1
---------------------------------------------------------------------------------------------------------------------------------------------

Upgrade Log for IP 'clk_wiz_0'

1. Summary
----------

SUCCESS in the upgrade of clk_wiz_0 (xilinx.com:ip:clk_wiz:6.0) from (Rev. 10) to (Rev. 15)






Copyright 1986-2022 Xilinx, Inc. All Rights Reserved.
------------------------------------------------------------------------------------
| Tool Version : Vivado v.2022.1 (win64) Build 3526262 Mon Apr 18 15:48:16 MDT 2022
| Date         : Mon Sep 19 21:48:28 2022
| Host         : ZACH-BOOTCAMP running 64-bit major release  (build 9200)
| Command      : upgrade_ip
| Device       : xc7a35tcpg236-1
------------------------------------------------------------------------------------

Upgrade Log for IP 'clk_wiz_0'

1. Summary
----------

SUCCESS in the upgrade of clk_wiz_0 (xilinx.com:ip:clk_wiz:6.0) from (Rev. 3) to (Rev. 10)






Copyright 1986-2019 Xilinx, Inc. All Rights Reserved.
------------------------------------------------------------------------------------
| Tool Version : Vivado v.2019.1 (win64) Build 2552052 Fri May 24 14:49:42 MDT 2019
| Date         : Thu Feb 13 21:34:01 2020
| Host         : ZACHKRUEGERD104 running 64-bit major release  (build 9200)
| Command      : upgrade_ip
| Device       : xc7a35tcpg236-1
------------------------------------------------------------------------------------

Upgrade Log for IP 'clk_wiz_0'

1. Summary
----------

SUCCESS in the conversion of clk_wiz_0 (xilinx.com:ip:clk_wiz:6.0 (Rev. 3)) to Vivado generation flows.

