================================================================
== Design Size Report
================================================================

* Total Instructions per Compilation Phase
+---------------+-----------------------------+--------------+----------------------------------------------------------------------------------------+
| Phase         | Step                        | Instructions | Description                                                                            |
+---------------+-----------------------------+--------------+----------------------------------------------------------------------------------------+
| Compile/Link  |                             | 9,947        | After all functions are compiled and linked into a single design                       |
|               |                             |              |                                                                                        |
| Unroll/Inline |                             |              | After user unroll and inline pragmas are applied                                       |
|               | (1) unroll                  |   820        | user unroll pragmas are applied                                                        |
|               | (2) simplification          |   523        | simplification of applied user unroll pragmas                                          |
|               | (3) inline                  |   516        | user inline pragmas are applied                                                        |
|               | (4) simplification          |   503        | simplification of applied user inline pragmas                                          |
|               |                             |              |                                                                                        |
| Array/Struct  |                             |              | After user array partition and struct aggregate/disaggregate pragmas are applied       |
|               | (1) array partition         |   592        | user array partition pragmas are applied                                               |
|               | (2) simplification          |   589        | simplification of applied user array partition & struct aggregate/disaggregate pragmas |
|               | (3) aggregate/disaggregate  |   595        | user struct aggregate/disaggregate pragmas are applied                                 |
|               | (4) array reshape           |   648        | apply array reshape pragmas                                                            |
|               | (5) access patterns         |   654        | array access pattern optmizations                                                      |
|               |                             |              |                                                                                        |
| Performance   |                             |              | After transformations are applied to meet performance pragma targets                   |
|               | (1) loop simplification     |   654        | loop and instruction simplification                                                    |
|               | (2) parallelization         |   589        | loops are unrolled or pipelined to meet performance targets                            |
|               | (3) array partition         |   571        | arrays are partitioned to meet performance targets                                     |
|               | (4) simplification          |   571        | simplification of design after performance transformations                             |
|               |                             |              |                                                                                        |
| HW Transforms |                             |              | After hardware transfomations                                                          |
|               | (1) lowering                |   577        | initial conversion to HW specific instructions                                         |
|               | (2) optimizations           |   586        | high level synthesis optimizations                                                     |
+---------------+-----------------------------+--------------+----------------------------------------------------------------------------------------+

* Instructions per Function for each Compilation Phase
+--------------------------------+-------------------+-----------------+---------------+---------------+-------------+---------------+
| Function                       | Location          | Compile/Link    | Unroll/Inline | Array/Struct  | Performance | HW Transforms |
+--------------------------------+-------------------+-----------------+---------------+---------------+-------------+---------------+
| + master_audio_control         | control.cpp:6     | 9,947           | 503           | 654           | 571         | 586           |
|  + distortion                  | distortion.cpp:11 | 1,549           |  22           |  43           |             |               |
|   + abs                        | std_abs.h:74      |  963            |               |               |             |               |
|    + fabsf                     | fabsfloat.cpp:7   |  961            |               |               |             |               |
|     + generic_fabs<float>      | hls_fabs.h:12     |  959            |               |               |             |               |
|      + generic_copysign<float> | hls_copysign.h:10 |  957            |               |               |             |               |
|         fp_struct              | x_hls_utils.h:283 |  636 (2 calls)  |               |               |             |               |
|       + to_ieee                | x_hls_utils.h:346 |  303            |               |               |             |               |
|        + to_float              | x_hls_utils.h:322 |  301            |               |               |             |               |
|           data                 | x_hls_utils.h:309 |  279            |               |               |             |               |
|    echo                        | echo.cpp:9        |  499            |  73           | 203           |             |               |
|  + eq_3band                    | eq.cpp:33         | 7,864           | 393           | 393           |             |               |
|     fir_filter                 | eq.cpp:17         | 1,431 (3 calls) | 306 (3 calls) | 297 (3 calls) |             |               |
+--------------------------------+-------------------+-----------------+---------------+---------------+-------------+---------------+

* Design Size Message Settings
+---------------------------------------------+--------+------------------------------------------------------------------+
| Message Setting                             | Value  | Description                                                      |
+---------------------------------------------+--------+------------------------------------------------------------------+
| config_compile -design_size_maximum_warning | 100000 | Show a warning when total design instructions exceeds this value |
+---------------------------------------------+--------+------------------------------------------------------------------+


