02/19/25 10:30:44: Running xcd server. This server was built by gradle.
02/19/25 10:30:44: Server was asked to start on port: '56044'
02/19/25 10:30:44: Server is using token UUID: 'dc2d6386-eede-11ef-b394-00090ffe0001'
02/19/25 10:30:44: SESSION_MGR: creating session with session uuid: '6d04a3e9-ade5-4ab9-8d63-1f78fcd2ec76' and name 'default'
02/19/25 10:30:44: Attempting to start server on port '56044'
02/19/25 10:30:44: Running Dispatch Server
02/19/25 10:30:44: Version 2.2.0
02/19/25 10:30:44: Dispatch Server: Accepted socket connection from client
02/19/25 10:30:44: Starting Socket connection
02/19/25 10:30:44: EXCHANGE_TOKEN received, server token: dc2d6386-eede-11ef-b394-00090ffe0001, passed token: dc2d6386-eede-11ef-b394-00090ffe0001
02/19/25 10:30:44: SESSION_MGR: creating session with session uuid: 'a70efe7f-d83f-4b77-bff6-7e575d8bb9c7' and name 'Code Analyzer'
02/19/25 10:30:44: KERNEL_SVC: creating session with uuid: 'a70efe7f-d83f-4b77-bff6-7e575d8bb9c7' and name 'Code Analyzer'
02/19/25 10:30:44: GUIDANCE_SMGR: creating guidance session with uuid: 'a70efe7f-d83f-4b77-bff6-7e575d8bb9c7' and name 'Code Analyzer'
02/19/25 10:30:44: SESSION_MGR: closing session for UUID 'a70efe7f-d83f-4b77-bff6-7e575d8bb9c7' with name ''
02/19/25 10:30:44: KERNEL_SVC: closing session for UUID 'a70efe7f-d83f-4b77-bff6-7e575d8bb9c7' with name ''
02/19/25 10:30:44: GUIDANCE_SMGR: closing session for UUID 'a70efe7f-d83f-4b77-bff6-7e575d8bb9c7' with name ''
02/19/25 10:30:44: STOP_SERVER received, server token: dc2d6386-eede-11ef-b394-00090ffe0001, passed token: dc2d6386-eede-11ef-b394-00090ffe0001
02/19/25 10:30:44: Socket received request to stop server.
02/19/25 10:30:44: Dispatch Server: do_await_stop
02/19/25 10:30:44: SERVER: destructor for server bound to port 56044
02/19/25 10:30:44: Server exiting with status 0.
02/19/25 10:30:44: Closing log file.
02/19/25 10:32:07: Running xcd server. This server was built by gradle.
02/19/25 10:32:07: Server was asked to start on port: '62288'
02/19/25 10:32:07: Server is using token UUID: '0ddf9331-eedf-11ef-8251-00090ffe0001'
02/19/25 10:32:07: SESSION_MGR: creating session with session uuid: '6d04a3e9-ade5-4ab9-8d63-1f78fcd2ec76' and name 'default'
02/19/25 10:32:07: Attempting to start server on port '62288'
02/19/25 10:32:07: Running Dispatch Server
02/19/25 10:32:07: Version 2.2.0
02/19/25 10:32:07: Dispatch Server: Accepted socket connection from client
02/19/25 10:32:07: Starting Socket connection
02/19/25 10:32:07: EXCHANGE_TOKEN received, server token: 0ddf9331-eedf-11ef-8251-00090ffe0001, passed token: 0ddf9331-eedf-11ef-8251-00090ffe0001
02/19/25 10:32:07: SESSION_MGR: creating session with session uuid: '2e834c64-af61-4a8d-94ba-42745c322f8b' and name 'Code Analyzer'
02/19/25 10:32:07: KERNEL_SVC: creating session with uuid: '2e834c64-af61-4a8d-94ba-42745c322f8b' and name 'Code Analyzer'
02/19/25 10:32:07: GUIDANCE_SMGR: creating guidance session with uuid: '2e834c64-af61-4a8d-94ba-42745c322f8b' and name 'Code Analyzer'
02/19/25 10:32:12: SESSION_MGR: closing session for UUID '2e834c64-af61-4a8d-94ba-42745c322f8b' with name ''
02/19/25 10:32:12: KERNEL_SVC: closing session for UUID '2e834c64-af61-4a8d-94ba-42745c322f8b' with name ''
02/19/25 10:32:12: GUIDANCE_SMGR: closing session for UUID '2e834c64-af61-4a8d-94ba-42745c322f8b' with name ''
02/19/25 10:32:12: STOP_SERVER received, server token: 0ddf9331-eedf-11ef-8251-00090ffe0001, passed token: 0ddf9331-eedf-11ef-8251-00090ffe0001
02/19/25 10:32:12: Socket received request to stop server.
02/19/25 10:32:12: Dispatch Server: do_await_stop
02/19/25 10:32:12: SERVER: destructor for server bound to port 62288
02/19/25 10:32:12: Server exiting with status 0.
02/19/25 10:32:12: Closing log file.
02/19/25 10:34:22: Running xcd server. This server was built by gradle.
02/19/25 10:34:22: Server was asked to start on port: '53932'
02/19/25 10:34:22: Server is using token UUID: '5e61e7e2-eedf-11ef-bc9b-00090ffe0001'
02/19/25 10:34:22: SESSION_MGR: creating session with session uuid: '6d04a3e9-ade5-4ab9-8d63-1f78fcd2ec76' and name 'default'
02/19/25 10:34:22: Attempting to start server on port '53932'
02/19/25 10:34:22: Running Dispatch Server
02/19/25 10:34:22: Version 2.2.0
02/19/25 10:34:22: Dispatch Server: Accepted socket connection from client
02/19/25 10:34:22: Starting Socket connection
02/19/25 10:34:22: EXCHANGE_TOKEN received, server token: 5e61e7e2-eedf-11ef-bc9b-00090ffe0001, passed token: 5e61e7e2-eedf-11ef-bc9b-00090ffe0001
02/19/25 10:34:22: SESSION_MGR: creating session with session uuid: '18d82499-1b5d-42e1-afad-924147e23ae1' and name 'Code Analyzer'
02/19/25 10:34:22: KERNEL_SVC: creating session with uuid: '18d82499-1b5d-42e1-afad-924147e23ae1' and name 'Code Analyzer'
02/19/25 10:34:22: GUIDANCE_SMGR: creating guidance session with uuid: '18d82499-1b5d-42e1-afad-924147e23ae1' and name 'Code Analyzer'
02/19/25 10:34:50: SESSION_MGR: closing session for UUID '18d82499-1b5d-42e1-afad-924147e23ae1' with name ''
02/19/25 10:34:50: KERNEL_SVC: closing session for UUID '18d82499-1b5d-42e1-afad-924147e23ae1' with name ''
02/19/25 10:34:50: GUIDANCE_SMGR: closing session for UUID '18d82499-1b5d-42e1-afad-924147e23ae1' with name ''
02/19/25 10:34:50: STOP_SERVER received, server token: 5e61e7e2-eedf-11ef-bc9b-00090ffe0001, passed token: 5e61e7e2-eedf-11ef-bc9b-00090ffe0001
02/19/25 10:34:50: Socket received request to stop server.
02/19/25 10:34:50: Dispatch Server: do_await_stop
02/19/25 10:34:50: SERVER: destructor for server bound to port 53932
02/19/25 10:34:50: Server exiting with status 0.
02/19/25 10:34:50: Closing log file.
02/19/25 10:40:27: Running xcd server. This server was built by gradle.
02/19/25 10:40:27: Server was asked to start on port: '49806'
02/19/25 10:40:27: Server is using token UUID: '3828cdaf-eee0-11ef-b544-00090ffe0001'
02/19/25 10:40:27: SESSION_MGR: creating session with session uuid: '6d04a3e9-ade5-4ab9-8d63-1f78fcd2ec76' and name 'default'
02/19/25 10:40:27: Attempting to start server on port '49806'
02/19/25 10:40:27: Running Dispatch Server
02/19/25 10:40:27: Version 2.2.0
02/19/25 10:40:28: Dispatch Server: Accepted socket connection from client
02/19/25 10:40:28: Starting Socket connection
02/19/25 10:40:28: EXCHANGE_TOKEN received, server token: 3828cdaf-eee0-11ef-b544-00090ffe0001, passed token: 3828cdaf-eee0-11ef-b544-00090ffe0001
02/19/25 10:40:28: SESSION_MGR: creating session with session uuid: '98ccaf37-3ee3-4d37-b8a9-d99822066a4a' and name 'Code Analyzer'
02/19/25 10:40:28: KERNEL_SVC: creating session with uuid: '98ccaf37-3ee3-4d37-b8a9-d99822066a4a' and name 'Code Analyzer'
02/19/25 10:40:28: GUIDANCE_SMGR: creating guidance session with uuid: '98ccaf37-3ee3-4d37-b8a9-d99822066a4a' and name 'Code Analyzer'
02/19/25 10:40:46: SESSION_MGR: closing session for UUID '98ccaf37-3ee3-4d37-b8a9-d99822066a4a' with name ''
02/19/25 10:40:46: KERNEL_SVC: closing session for UUID '98ccaf37-3ee3-4d37-b8a9-d99822066a4a' with name ''
02/19/25 10:40:46: GUIDANCE_SMGR: closing session for UUID '98ccaf37-3ee3-4d37-b8a9-d99822066a4a' with name ''
02/19/25 10:40:46: STOP_SERVER received, server token: 3828cdaf-eee0-11ef-b544-00090ffe0001, passed token: 3828cdaf-eee0-11ef-b544-00090ffe0001
02/19/25 10:40:46: Socket received request to stop server.
02/19/25 10:40:46: Dispatch Server: do_await_stop
02/19/25 10:40:46: SERVER: destructor for server bound to port 49806
02/19/25 10:40:46: Server exiting with status 0.
02/19/25 10:40:46: Closing log file.
02/19/25 10:41:44: Running xcd server. This server was built by gradle.
02/19/25 10:41:44: Server was asked to start on port: '49829'
02/19/25 10:41:44: Server is using token UUID: '663882c5-eee0-11ef-81ea-00090ffe0001'
02/19/25 10:41:44: SESSION_MGR: creating session with session uuid: '6d04a3e9-ade5-4ab9-8d63-1f78fcd2ec76' and name 'default'
02/19/25 10:41:44: Attempting to start server on port '49829'
02/19/25 10:41:44: Running Dispatch Server
02/19/25 10:41:44: Version 2.2.0
02/19/25 10:41:45: Dispatch Server: Accepted socket connection from client
02/19/25 10:41:45: Starting Socket connection
02/19/25 10:41:45: EXCHANGE_TOKEN received, server token: 663882c5-eee0-11ef-81ea-00090ffe0001, passed token: 663882c5-eee0-11ef-81ea-00090ffe0001
02/19/25 10:41:45: SESSION_MGR: creating session with session uuid: '420b4fb6-52c9-4327-89d9-e29f53bb4ca3' and name 'Code Analyzer'
02/19/25 10:41:45: KERNEL_SVC: creating session with uuid: '420b4fb6-52c9-4327-89d9-e29f53bb4ca3' and name 'Code Analyzer'
02/19/25 10:41:45: GUIDANCE_SMGR: creating guidance session with uuid: '420b4fb6-52c9-4327-89d9-e29f53bb4ca3' and name 'Code Analyzer'
02/19/25 10:41:55: SESSION_MGR: closing session for UUID '420b4fb6-52c9-4327-89d9-e29f53bb4ca3' with name ''
02/19/25 10:41:55: KERNEL_SVC: closing session for UUID '420b4fb6-52c9-4327-89d9-e29f53bb4ca3' with name ''
02/19/25 10:41:55: GUIDANCE_SMGR: closing session for UUID '420b4fb6-52c9-4327-89d9-e29f53bb4ca3' with name ''
02/19/25 10:41:55: STOP_SERVER received, server token: 663882c5-eee0-11ef-81ea-00090ffe0001, passed token: 663882c5-eee0-11ef-81ea-00090ffe0001
02/19/25 10:41:55: Socket received request to stop server.
02/19/25 10:41:55: Dispatch Server: do_await_stop
02/19/25 10:41:55: SERVER: destructor for server bound to port 49829
02/19/25 10:41:55: Server exiting with status 0.
02/19/25 10:41:55: Closing log file.
02/19/25 10:43:08: Running xcd server. This server was built by gradle.
02/19/25 10:43:08: Server was asked to start on port: '57702'
02/19/25 10:43:08: Server is using token UUID: '97deef32-eee0-11ef-992d-00090ffe0001'
02/19/25 10:43:08: SESSION_MGR: creating session with session uuid: '6d04a3e9-ade5-4ab9-8d63-1f78fcd2ec76' and name 'default'
02/19/25 10:43:08: Attempting to start server on port '57702'
02/19/25 10:43:08: Running Dispatch Server
02/19/25 10:43:08: Version 2.2.0
02/19/25 10:43:08: Dispatch Server: Accepted socket connection from client
02/19/25 10:43:08: Starting Socket connection
02/19/25 10:43:08: EXCHANGE_TOKEN received, server token: 97deef32-eee0-11ef-992d-00090ffe0001, passed token: 97deef32-eee0-11ef-992d-00090ffe0001
02/19/25 10:43:08: SESSION_MGR: creating session with session uuid: '57b613fc-f4b5-448e-92a8-ce20cc3f83ca' and name 'Code Analyzer'
02/19/25 10:43:08: KERNEL_SVC: creating session with uuid: '57b613fc-f4b5-448e-92a8-ce20cc3f83ca' and name 'Code Analyzer'
02/19/25 10:43:08: GUIDANCE_SMGR: creating guidance session with uuid: '57b613fc-f4b5-448e-92a8-ce20cc3f83ca' and name 'Code Analyzer'
02/19/25 10:43:18: SESSION_MGR: closing session for UUID '57b613fc-f4b5-448e-92a8-ce20cc3f83ca' with name ''
02/19/25 10:43:18: KERNEL_SVC: closing session for UUID '57b613fc-f4b5-448e-92a8-ce20cc3f83ca' with name ''
02/19/25 10:43:18: GUIDANCE_SMGR: closing session for UUID '57b613fc-f4b5-448e-92a8-ce20cc3f83ca' with name ''
02/19/25 10:43:18: STOP_SERVER received, server token: 97deef32-eee0-11ef-992d-00090ffe0001, passed token: 97deef32-eee0-11ef-992d-00090ffe0001
02/19/25 10:43:18: Socket received request to stop server.
02/19/25 10:43:18: Dispatch Server: do_await_stop
02/19/25 10:43:18: SERVER: destructor for server bound to port 57702
02/19/25 10:43:18: Server exiting with status 0.
02/19/25 10:43:18: Closing log file.
02/19/25 10:44:29: Running xcd server. This server was built by gradle.
02/19/25 10:44:29: Server was asked to start on port: '57734'
02/19/25 10:44:29: Server is using token UUID: 'c819d50c-eee0-11ef-a52f-00090ffe0001'
02/19/25 10:44:29: SESSION_MGR: creating session with session uuid: '6d04a3e9-ade5-4ab9-8d63-1f78fcd2ec76' and name 'default'
02/19/25 10:44:29: Attempting to start server on port '57734'
02/19/25 10:44:29: Running Dispatch Server
02/19/25 10:44:29: Version 2.2.0
02/19/25 10:44:29: Dispatch Server: Accepted socket connection from client
02/19/25 10:44:29: Starting Socket connection
02/19/25 10:44:29: EXCHANGE_TOKEN received, server token: c819d50c-eee0-11ef-a52f-00090ffe0001, passed token: c819d50c-eee0-11ef-a52f-00090ffe0001
02/19/25 10:44:29: SESSION_MGR: creating session with session uuid: '41b8cdc8-ddf3-4f33-aec9-d50b2bb43c8c' and name 'Code Analyzer'
02/19/25 10:44:29: KERNEL_SVC: creating session with uuid: '41b8cdc8-ddf3-4f33-aec9-d50b2bb43c8c' and name 'Code Analyzer'
02/19/25 10:44:29: GUIDANCE_SMGR: creating guidance session with uuid: '41b8cdc8-ddf3-4f33-aec9-d50b2bb43c8c' and name 'Code Analyzer'
02/19/25 10:44:43: SESSION_MGR: closing session for UUID '41b8cdc8-ddf3-4f33-aec9-d50b2bb43c8c' with name ''
02/19/25 10:44:43: KERNEL_SVC: closing session for UUID '41b8cdc8-ddf3-4f33-aec9-d50b2bb43c8c' with name ''
02/19/25 10:44:43: GUIDANCE_SMGR: closing session for UUID '41b8cdc8-ddf3-4f33-aec9-d50b2bb43c8c' with name ''
02/19/25 10:44:43: STOP_SERVER received, server token: c819d50c-eee0-11ef-a52f-00090ffe0001, passed token: c819d50c-eee0-11ef-a52f-00090ffe0001
02/19/25 10:44:43: Socket received request to stop server.
02/19/25 10:44:43: Dispatch Server: do_await_stop
02/19/25 10:44:43: SERVER: destructor for server bound to port 57734
02/19/25 10:44:43: Server exiting with status 0.
02/19/25 10:44:43: Closing log file.
02/19/25 10:54:53: Running xcd server. This server was built by gradle.
02/19/25 10:54:53: Server was asked to start on port: '62438'
02/19/25 10:54:53: Server is using token UUID: '3c727a37-eee2-11ef-9847-00090ffe0001'
02/19/25 10:54:53: SESSION_MGR: creating session with session uuid: '6d04a3e9-ade5-4ab9-8d63-1f78fcd2ec76' and name 'default'
02/19/25 10:54:53: Attempting to start server on port '62438'
02/19/25 10:54:53: Running Dispatch Server
02/19/25 10:54:53: Version 2.2.0
02/19/25 10:54:54: Dispatch Server: Accepted socket connection from client
02/19/25 10:54:54: Starting Socket connection
02/19/25 10:54:54: EXCHANGE_TOKEN received, server token: 3c727a37-eee2-11ef-9847-00090ffe0001, passed token: 3c727a37-eee2-11ef-9847-00090ffe0001
02/19/25 10:54:54: SESSION_MGR: creating session with session uuid: 'd6de15e9-f130-477c-b799-117b3a6d9ad6' and name 'Code Analyzer'
02/19/25 10:54:54: KERNEL_SVC: creating session with uuid: 'd6de15e9-f130-477c-b799-117b3a6d9ad6' and name 'Code Analyzer'
02/19/25 10:54:54: GUIDANCE_SMGR: creating guidance session with uuid: 'd6de15e9-f130-477c-b799-117b3a6d9ad6' and name 'Code Analyzer'
02/19/25 10:55:14: SESSION_MGR: closing session for UUID 'd6de15e9-f130-477c-b799-117b3a6d9ad6' with name ''
02/19/25 10:55:14: KERNEL_SVC: closing session for UUID 'd6de15e9-f130-477c-b799-117b3a6d9ad6' with name ''
02/19/25 10:55:14: GUIDANCE_SMGR: closing session for UUID 'd6de15e9-f130-477c-b799-117b3a6d9ad6' with name ''
02/19/25 10:55:14: STOP_SERVER received, server token: 3c727a37-eee2-11ef-9847-00090ffe0001, passed token: 3c727a37-eee2-11ef-9847-00090ffe0001
02/19/25 10:55:14: Socket received request to stop server.
02/19/25 10:55:14: Dispatch Server: do_await_stop
02/19/25 10:55:14: SERVER: destructor for server bound to port 62438
02/19/25 10:55:14: Server exiting with status 0.
02/19/25 10:55:14: Closing log file.
02/19/25 10:56:19: Running xcd server. This server was built by gradle.
02/19/25 10:56:19: Server was asked to start on port: '62462'
02/19/25 10:56:19: Server is using token UUID: '6f8ba26f-eee2-11ef-afb5-00090ffe0001'
02/19/25 10:56:19: SESSION_MGR: creating session with session uuid: '6d04a3e9-ade5-4ab9-8d63-1f78fcd2ec76' and name 'default'
02/19/25 10:56:19: Attempting to start server on port '62462'
02/19/25 10:56:19: Running Dispatch Server
02/19/25 10:56:19: Version 2.2.0
02/19/25 10:56:19: Dispatch Server: Accepted socket connection from client
02/19/25 10:56:19: Starting Socket connection
02/19/25 10:56:19: EXCHANGE_TOKEN received, server token: 6f8ba26f-eee2-11ef-afb5-00090ffe0001, passed token: 6f8ba26f-eee2-11ef-afb5-00090ffe0001
02/19/25 10:56:19: SESSION_MGR: creating session with session uuid: '24befc59-6a3d-4225-a750-c16622409b54' and name 'Code Analyzer'
02/19/25 10:56:19: KERNEL_SVC: creating session with uuid: '24befc59-6a3d-4225-a750-c16622409b54' and name 'Code Analyzer'
02/19/25 10:56:19: GUIDANCE_SMGR: creating guidance session with uuid: '24befc59-6a3d-4225-a750-c16622409b54' and name 'Code Analyzer'
02/19/25 10:56:31: SESSION_MGR: closing session for UUID '24befc59-6a3d-4225-a750-c16622409b54' with name ''
02/19/25 10:56:31: KERNEL_SVC: closing session for UUID '24befc59-6a3d-4225-a750-c16622409b54' with name ''
02/19/25 10:56:31: GUIDANCE_SMGR: closing session for UUID '24befc59-6a3d-4225-a750-c16622409b54' with name ''
02/19/25 10:56:31: STOP_SERVER received, server token: 6f8ba26f-eee2-11ef-afb5-00090ffe0001, passed token: 6f8ba26f-eee2-11ef-afb5-00090ffe0001
02/19/25 10:56:31: Socket received request to stop server.
02/19/25 10:56:31: Dispatch Server: do_await_stop
02/19/25 10:56:31: SERVER: destructor for server bound to port 62462
02/19/25 10:56:31: Server exiting with status 0.
02/19/25 10:56:31: Closing log file.
02/19/25 10:58:29: Running xcd server. This server was built by gradle.
02/19/25 10:58:29: Server was asked to start on port: '55296'
02/19/25 10:58:29: Server is using token UUID: 'bd17be27-eee2-11ef-a32f-00090ffe0001'
02/19/25 10:58:29: SESSION_MGR: creating session with session uuid: '6d04a3e9-ade5-4ab9-8d63-1f78fcd2ec76' and name 'default'
02/19/25 10:58:29: Attempting to start server on port '55296'
02/19/25 10:58:29: Running Dispatch Server
02/19/25 10:58:29: Version 2.2.0
02/19/25 10:58:30: Dispatch Server: Accepted socket connection from client
02/19/25 10:58:30: Starting Socket connection
02/19/25 10:58:30: EXCHANGE_TOKEN received, server token: bd17be27-eee2-11ef-a32f-00090ffe0001, passed token: bd17be27-eee2-11ef-a32f-00090ffe0001
02/19/25 10:58:30: SESSION_MGR: creating session with session uuid: 'f3082c8f-15c8-46c1-97f7-96652226075e' and name 'Code Analyzer'
02/19/25 10:58:30: KERNEL_SVC: creating session with uuid: 'f3082c8f-15c8-46c1-97f7-96652226075e' and name 'Code Analyzer'
02/19/25 10:58:30: GUIDANCE_SMGR: creating guidance session with uuid: 'f3082c8f-15c8-46c1-97f7-96652226075e' and name 'Code Analyzer'
02/19/25 10:58:37: SESSION_MGR: closing session for UUID 'f3082c8f-15c8-46c1-97f7-96652226075e' with name ''
02/19/25 10:58:37: KERNEL_SVC: closing session for UUID 'f3082c8f-15c8-46c1-97f7-96652226075e' with name ''
02/19/25 10:58:37: GUIDANCE_SMGR: closing session for UUID 'f3082c8f-15c8-46c1-97f7-96652226075e' with name ''
02/19/25 10:58:37: STOP_SERVER received, server token: bd17be27-eee2-11ef-a32f-00090ffe0001, passed token: bd17be27-eee2-11ef-a32f-00090ffe0001
02/19/25 10:58:37: Socket received request to stop server.
02/19/25 10:58:37: Dispatch Server: do_await_stop
02/19/25 10:58:37: SERVER: destructor for server bound to port 55296
02/19/25 10:58:37: Server exiting with status 0.
02/19/25 10:58:37: Closing log file.
02/19/25 11:31:44: Running xcd server. This server was built by gradle.
02/19/25 11:31:44: Server was asked to start on port: '60247'
02/19/25 11:31:44: Server is using token UUID: '61e1e9c5-eee7-11ef-80a5-00090ffe0001'
02/19/25 11:31:44: SESSION_MGR: creating session with session uuid: '6d04a3e9-ade5-4ab9-8d63-1f78fcd2ec76' and name 'default'
02/19/25 11:31:44: Attempting to start server on port '60247'
02/19/25 11:31:44: Running Dispatch Server
02/19/25 11:31:44: Version 2.2.0
02/19/25 11:31:45: Dispatch Server: Accepted socket connection from client
02/19/25 11:31:45: Starting Socket connection
02/19/25 11:31:45: EXCHANGE_TOKEN received, server token: 61e1e9c5-eee7-11ef-80a5-00090ffe0001, passed token: 61e1e9c5-eee7-11ef-80a5-00090ffe0001
02/19/25 11:31:45: SESSION_MGR: creating session with session uuid: 'b7ed47d9-88cd-4441-8d9e-51d0972d4b71' and name 'Code Analyzer'
02/19/25 11:31:45: KERNEL_SVC: creating session with uuid: 'b7ed47d9-88cd-4441-8d9e-51d0972d4b71' and name 'Code Analyzer'
02/19/25 11:31:45: GUIDANCE_SMGR: creating guidance session with uuid: 'b7ed47d9-88cd-4441-8d9e-51d0972d4b71' and name 'Code Analyzer'
02/19/25 11:32:00: SESSION_MGR: closing session for UUID 'b7ed47d9-88cd-4441-8d9e-51d0972d4b71' with name ''
02/19/25 11:32:00: KERNEL_SVC: closing session for UUID 'b7ed47d9-88cd-4441-8d9e-51d0972d4b71' with name ''
02/19/25 11:32:00: GUIDANCE_SMGR: closing session for UUID 'b7ed47d9-88cd-4441-8d9e-51d0972d4b71' with name ''
02/19/25 11:32:00: STOP_SERVER received, server token: 61e1e9c5-eee7-11ef-80a5-00090ffe0001, passed token: 61e1e9c5-eee7-11ef-80a5-00090ffe0001
02/19/25 11:32:00: Socket received request to stop server.
02/19/25 11:32:00: Dispatch Server: do_await_stop
02/19/25 11:32:00: SERVER: destructor for server bound to port 60247
02/19/25 11:32:00: Server exiting with status 0.
02/19/25 11:32:00: Closing log file.
02/19/25 13:04:03: Running xcd server. This server was built by gradle.
02/19/25 13:04:03: Server was asked to start on port: '64417'
02/19/25 13:04:03: Server is using token UUID: '473b5c25-eef4-11ef-9486-00090ffe0001'
02/19/25 13:04:03: SESSION_MGR: creating session with session uuid: '6d04a3e9-ade5-4ab9-8d63-1f78fcd2ec76' and name 'default'
02/19/25 13:04:03: Attempting to start server on port '64417'
02/19/25 13:04:03: Running Dispatch Server
02/19/25 13:04:03: Version 2.2.0
02/19/25 13:04:03: Dispatch Server: Accepted socket connection from client
02/19/25 13:04:03: Starting Socket connection
02/19/25 13:04:03: EXCHANGE_TOKEN received, server token: 473b5c25-eef4-11ef-9486-00090ffe0001, passed token: 473b5c25-eef4-11ef-9486-00090ffe0001
02/19/25 13:04:03: SESSION_MGR: creating session with session uuid: 'e0e53256-9540-4e9e-a4fd-e589cfa63954' and name 'Code Analyzer'
02/19/25 13:04:03: KERNEL_SVC: creating session with uuid: 'e0e53256-9540-4e9e-a4fd-e589cfa63954' and name 'Code Analyzer'
02/19/25 13:04:03: GUIDANCE_SMGR: creating guidance session with uuid: 'e0e53256-9540-4e9e-a4fd-e589cfa63954' and name 'Code Analyzer'
02/19/25 13:04:16: SESSION_MGR: closing session for UUID 'e0e53256-9540-4e9e-a4fd-e589cfa63954' with name ''
02/19/25 13:04:16: KERNEL_SVC: closing session for UUID 'e0e53256-9540-4e9e-a4fd-e589cfa63954' with name ''
02/19/25 13:04:16: GUIDANCE_SMGR: closing session for UUID 'e0e53256-9540-4e9e-a4fd-e589cfa63954' with name ''
02/19/25 13:04:16: STOP_SERVER received, server token: 473b5c25-eef4-11ef-9486-00090ffe0001, passed token: 473b5c25-eef4-11ef-9486-00090ffe0001
02/19/25 13:04:16: Socket received request to stop server.
02/19/25 13:04:16: Dispatch Server: do_await_stop
02/19/25 13:04:16: SERVER: destructor for server bound to port 64417
02/19/25 13:04:16: Server exiting with status 0.
02/19/25 13:04:16: Closing log file.
02/19/25 13:05:39: Running xcd server. This server was built by gradle.
02/19/25 13:05:39: Server was asked to start on port: '49388'
02/19/25 13:05:39: Server is using token UUID: '810ba9e1-eef4-11ef-96a3-00090ffe0001'
02/19/25 13:05:39: SESSION_MGR: creating session with session uuid: '6d04a3e9-ade5-4ab9-8d63-1f78fcd2ec76' and name 'default'
02/19/25 13:05:39: Attempting to start server on port '49388'
02/19/25 13:05:39: Running Dispatch Server
02/19/25 13:05:39: Version 2.2.0
02/19/25 13:05:40: Dispatch Server: Accepted socket connection from client
02/19/25 13:05:40: Starting Socket connection
02/19/25 13:05:40: EXCHANGE_TOKEN received, server token: 810ba9e1-eef4-11ef-96a3-00090ffe0001, passed token: 810ba9e1-eef4-11ef-96a3-00090ffe0001
02/19/25 13:05:40: SESSION_MGR: creating session with session uuid: 'eb89f8b0-ba32-4578-b6dd-ce603ee52c48' and name 'Code Analyzer'
02/19/25 13:05:40: KERNEL_SVC: creating session with uuid: 'eb89f8b0-ba32-4578-b6dd-ce603ee52c48' and name 'Code Analyzer'
02/19/25 13:05:40: GUIDANCE_SMGR: creating guidance session with uuid: 'eb89f8b0-ba32-4578-b6dd-ce603ee52c48' and name 'Code Analyzer'
02/19/25 13:05:52: SESSION_MGR: closing session for UUID 'eb89f8b0-ba32-4578-b6dd-ce603ee52c48' with name ''
02/19/25 13:05:52: KERNEL_SVC: closing session for UUID 'eb89f8b0-ba32-4578-b6dd-ce603ee52c48' with name ''
02/19/25 13:05:52: GUIDANCE_SMGR: closing session for UUID 'eb89f8b0-ba32-4578-b6dd-ce603ee52c48' with name ''
02/19/25 13:05:52: STOP_SERVER received, server token: 810ba9e1-eef4-11ef-96a3-00090ffe0001, passed token: 810ba9e1-eef4-11ef-96a3-00090ffe0001
02/19/25 13:05:52: Socket received request to stop server.
02/19/25 13:05:52: Dispatch Server: do_await_stop
02/19/25 13:05:52: SERVER: destructor for server bound to port 49388
02/19/25 13:05:52: Server exiting with status 0.
02/19/25 13:05:52: Closing log file.
02/19/25 13:09:37: Running xcd server. This server was built by gradle.
02/19/25 13:09:37: Server was asked to start on port: '62508'
02/19/25 13:09:37: Server is using token UUID: '0ee71eb2-eef5-11ef-81e4-00090ffe0001'
02/19/25 13:09:37: SESSION_MGR: creating session with session uuid: '6d04a3e9-ade5-4ab9-8d63-1f78fcd2ec76' and name 'default'
02/19/25 13:09:37: Attempting to start server on port '62508'
02/19/25 13:09:37: Running Dispatch Server
02/19/25 13:09:37: Version 2.2.0
02/19/25 13:09:38: Dispatch Server: Accepted socket connection from client
02/19/25 13:09:38: Starting Socket connection
02/19/25 13:09:38: EXCHANGE_TOKEN received, server token: 0ee71eb2-eef5-11ef-81e4-00090ffe0001, passed token: 0ee71eb2-eef5-11ef-81e4-00090ffe0001
02/19/25 13:09:38: SESSION_MGR: creating session with session uuid: '572b96ce-6862-41da-85ea-0e282e76db77' and name 'Code Analyzer'
02/19/25 13:09:38: KERNEL_SVC: creating session with uuid: '572b96ce-6862-41da-85ea-0e282e76db77' and name 'Code Analyzer'
02/19/25 13:09:38: GUIDANCE_SMGR: creating guidance session with uuid: '572b96ce-6862-41da-85ea-0e282e76db77' and name 'Code Analyzer'
02/19/25 13:09:49: SESSION_MGR: closing session for UUID '572b96ce-6862-41da-85ea-0e282e76db77' with name ''
02/19/25 13:09:49: KERNEL_SVC: closing session for UUID '572b96ce-6862-41da-85ea-0e282e76db77' with name ''
02/19/25 13:09:49: GUIDANCE_SMGR: closing session for UUID '572b96ce-6862-41da-85ea-0e282e76db77' with name ''
02/19/25 13:09:49: STOP_SERVER received, server token: 0ee71eb2-eef5-11ef-81e4-00090ffe0001, passed token: 0ee71eb2-eef5-11ef-81e4-00090ffe0001
02/19/25 13:09:49: Socket received request to stop server.
02/19/25 13:09:49: Dispatch Server: do_await_stop
02/19/25 13:09:49: SERVER: destructor for server bound to port 62508
02/19/25 13:09:49: Server exiting with status 0.
02/19/25 13:09:49: Closing log file.
02/19/25 13:10:32: Running xcd server. This server was built by gradle.
02/19/25 13:10:32: Server was asked to start on port: '50924'
02/19/25 13:10:32: Server is using token UUID: '2f759589-eef5-11ef-a524-00090ffe0001'
02/19/25 13:10:32: SESSION_MGR: creating session with session uuid: '6d04a3e9-ade5-4ab9-8d63-1f78fcd2ec76' and name 'default'
02/19/25 13:10:32: Attempting to start server on port '50924'
02/19/25 13:10:32: Running Dispatch Server
02/19/25 13:10:32: Version 2.2.0
02/19/25 13:10:32: Dispatch Server: Accepted socket connection from client
02/19/25 13:10:32: Starting Socket connection
02/19/25 13:10:32: EXCHANGE_TOKEN received, server token: 2f759589-eef5-11ef-a524-00090ffe0001, passed token: 2f759589-eef5-11ef-a524-00090ffe0001
02/19/25 13:10:32: SESSION_MGR: creating session with session uuid: '00f2d22d-d58e-4926-be01-459689da6d3e' and name 'Code Analyzer'
02/19/25 13:10:32: KERNEL_SVC: creating session with uuid: '00f2d22d-d58e-4926-be01-459689da6d3e' and name 'Code Analyzer'
02/19/25 13:10:32: GUIDANCE_SMGR: creating guidance session with uuid: '00f2d22d-d58e-4926-be01-459689da6d3e' and name 'Code Analyzer'
02/19/25 13:10:43: SESSION_MGR: closing session for UUID '00f2d22d-d58e-4926-be01-459689da6d3e' with name ''
02/19/25 13:10:43: KERNEL_SVC: closing session for UUID '00f2d22d-d58e-4926-be01-459689da6d3e' with name ''
02/19/25 13:10:43: GUIDANCE_SMGR: closing session for UUID '00f2d22d-d58e-4926-be01-459689da6d3e' with name ''
02/19/25 13:10:43: STOP_SERVER received, server token: 2f759589-eef5-11ef-a524-00090ffe0001, passed token: 2f759589-eef5-11ef-a524-00090ffe0001
02/19/25 13:10:43: Socket received request to stop server.
02/19/25 13:10:43: Dispatch Server: do_await_stop
02/19/25 13:10:43: SERVER: destructor for server bound to port 50924
02/19/25 13:10:43: Server exiting with status 0.
02/19/25 13:10:43: Closing log file.
02/19/25 13:44:18: Running xcd server. This server was built by gradle.
02/19/25 13:44:18: Server was asked to start on port: '53595'
02/19/25 13:44:18: Server is using token UUID: 'e69fec2f-eef9-11ef-8685-00090ffe0001'
02/19/25 13:44:18: SESSION_MGR: creating session with session uuid: '6d04a3e9-ade5-4ab9-8d63-1f78fcd2ec76' and name 'default'
02/19/25 13:44:18: Attempting to start server on port '53595'
02/19/25 13:44:18: Running Dispatch Server
02/19/25 13:44:18: Version 2.2.0
02/19/25 13:44:18: Dispatch Server: Accepted socket connection from client
02/19/25 13:44:18: Starting Socket connection
02/19/25 13:44:18: EXCHANGE_TOKEN received, server token: e69fec2f-eef9-11ef-8685-00090ffe0001, passed token: e69fec2f-eef9-11ef-8685-00090ffe0001
02/19/25 13:44:18: SESSION_MGR: creating session with session uuid: '5044f8e2-4f16-4ad4-b130-7e21a906cfb7' and name 'Code Analyzer'
02/19/25 13:44:18: KERNEL_SVC: creating session with uuid: '5044f8e2-4f16-4ad4-b130-7e21a906cfb7' and name 'Code Analyzer'
02/19/25 13:44:18: GUIDANCE_SMGR: creating guidance session with uuid: '5044f8e2-4f16-4ad4-b130-7e21a906cfb7' and name 'Code Analyzer'
02/19/25 13:44:40: SESSION_MGR: closing session for UUID '5044f8e2-4f16-4ad4-b130-7e21a906cfb7' with name ''
02/19/25 13:44:40: KERNEL_SVC: closing session for UUID '5044f8e2-4f16-4ad4-b130-7e21a906cfb7' with name ''
02/19/25 13:44:40: GUIDANCE_SMGR: closing session for UUID '5044f8e2-4f16-4ad4-b130-7e21a906cfb7' with name ''
02/19/25 13:44:40: STOP_SERVER received, server token: e69fec2f-eef9-11ef-8685-00090ffe0001, passed token: e69fec2f-eef9-11ef-8685-00090ffe0001
02/19/25 13:44:40: Socket received request to stop server.
02/19/25 13:44:40: Dispatch Server: do_await_stop
02/19/25 13:44:40: SERVER: destructor for server bound to port 53595
02/19/25 13:44:40: Server exiting with status 0.
02/19/25 13:44:40: Closing log file.
02/19/25 13:47:31: Running xcd server. This server was built by gradle.
02/19/25 13:47:31: Server was asked to start on port: '55396'
02/19/25 13:47:31: Server is using token UUID: '59e0a534-eefa-11ef-9db0-00090ffe0001'
02/19/25 13:47:31: SESSION_MGR: creating session with session uuid: '6d04a3e9-ade5-4ab9-8d63-1f78fcd2ec76' and name 'default'
02/19/25 13:47:31: Attempting to start server on port '55396'
02/19/25 13:47:31: Running Dispatch Server
02/19/25 13:47:31: Version 2.2.0
02/19/25 13:47:31: Dispatch Server: Accepted socket connection from client
02/19/25 13:47:31: Starting Socket connection
02/19/25 13:47:31: EXCHANGE_TOKEN received, server token: 59e0a534-eefa-11ef-9db0-00090ffe0001, passed token: 59e0a534-eefa-11ef-9db0-00090ffe0001
02/19/25 13:47:31: SESSION_MGR: creating session with session uuid: '7c7574ed-674f-4cd9-8327-947553ddf447' and name 'Code Analyzer'
02/19/25 13:47:31: KERNEL_SVC: creating session with uuid: '7c7574ed-674f-4cd9-8327-947553ddf447' and name 'Code Analyzer'
02/19/25 13:47:31: GUIDANCE_SMGR: creating guidance session with uuid: '7c7574ed-674f-4cd9-8327-947553ddf447' and name 'Code Analyzer'
02/19/25 13:47:52: SESSION_MGR: closing session for UUID '7c7574ed-674f-4cd9-8327-947553ddf447' with name ''
02/19/25 13:47:52: KERNEL_SVC: closing session for UUID '7c7574ed-674f-4cd9-8327-947553ddf447' with name ''
02/19/25 13:47:52: GUIDANCE_SMGR: closing session for UUID '7c7574ed-674f-4cd9-8327-947553ddf447' with name ''
02/19/25 13:47:52: STOP_SERVER received, server token: 59e0a534-eefa-11ef-9db0-00090ffe0001, passed token: 59e0a534-eefa-11ef-9db0-00090ffe0001
02/19/25 13:47:52: Socket received request to stop server.
02/19/25 13:47:52: Dispatch Server: do_await_stop
02/19/25 13:47:52: SERVER: destructor for server bound to port 55396
02/19/25 13:47:52: Server exiting with status 0.
02/19/25 13:47:52: Closing log file.
02/19/25 13:52:46: Running xcd server. This server was built by gradle.
02/19/25 13:52:46: Server was asked to start on port: '56466'
02/19/25 13:52:46: Server is using token UUID: '15f51f7d-eefb-11ef-a788-00090ffe0001'
02/19/25 13:52:46: SESSION_MGR: creating session with session uuid: '6d04a3e9-ade5-4ab9-8d63-1f78fcd2ec76' and name 'default'
02/19/25 13:52:46: Attempting to start server on port '56466'
02/19/25 13:52:46: Running Dispatch Server
02/19/25 13:52:46: Version 2.2.0
02/19/25 13:52:47: Dispatch Server: Accepted socket connection from client
02/19/25 13:52:47: Starting Socket connection
02/19/25 13:52:47: EXCHANGE_TOKEN received, server token: 15f51f7d-eefb-11ef-a788-00090ffe0001, passed token: 15f51f7d-eefb-11ef-a788-00090ffe0001
02/19/25 13:52:47: SESSION_MGR: creating session with session uuid: '2a0a4f8c-8150-4611-a3f8-61671ddb52c1' and name 'Code Analyzer'
02/19/25 13:52:47: KERNEL_SVC: creating session with uuid: '2a0a4f8c-8150-4611-a3f8-61671ddb52c1' and name 'Code Analyzer'
02/19/25 13:52:47: GUIDANCE_SMGR: creating guidance session with uuid: '2a0a4f8c-8150-4611-a3f8-61671ddb52c1' and name 'Code Analyzer'
02/19/25 13:53:04: SESSION_MGR: closing session for UUID '2a0a4f8c-8150-4611-a3f8-61671ddb52c1' with name ''
02/19/25 13:53:04: KERNEL_SVC: closing session for UUID '2a0a4f8c-8150-4611-a3f8-61671ddb52c1' with name ''
02/19/25 13:53:04: GUIDANCE_SMGR: closing session for UUID '2a0a4f8c-8150-4611-a3f8-61671ddb52c1' with name ''
02/19/25 13:53:04: STOP_SERVER received, server token: 15f51f7d-eefb-11ef-a788-00090ffe0001, passed token: 15f51f7d-eefb-11ef-a788-00090ffe0001
02/19/25 13:53:04: Socket received request to stop server.
02/19/25 13:53:04: Dispatch Server: do_await_stop
02/19/25 13:53:04: SERVER: destructor for server bound to port 56466
02/19/25 13:53:04: Server exiting with status 0.
02/19/25 13:53:04: Closing log file.
02/19/25 13:53:55: Running xcd server. This server was built by gradle.
02/19/25 13:53:55: Server was asked to start on port: '55600'
02/19/25 13:53:55: Server is using token UUID: '3ea45316-eefb-11ef-a039-00090ffe0001'
02/19/25 13:53:55: SESSION_MGR: creating session with session uuid: '6d04a3e9-ade5-4ab9-8d63-1f78fcd2ec76' and name 'default'
02/19/25 13:53:55: Attempting to start server on port '55600'
02/19/25 13:53:55: Running Dispatch Server
02/19/25 13:53:55: Version 2.2.0
02/19/25 13:53:55: Dispatch Server: Accepted socket connection from client
02/19/25 13:53:55: Starting Socket connection
02/19/25 13:53:55: EXCHANGE_TOKEN received, server token: 3ea45316-eefb-11ef-a039-00090ffe0001, passed token: 3ea45316-eefb-11ef-a039-00090ffe0001
02/19/25 13:53:55: SESSION_MGR: creating session with session uuid: '315fec98-13cc-4e54-a4b1-980f1dd8feb0' and name 'Code Analyzer'
02/19/25 13:53:55: KERNEL_SVC: creating session with uuid: '315fec98-13cc-4e54-a4b1-980f1dd8feb0' and name 'Code Analyzer'
02/19/25 13:53:55: GUIDANCE_SMGR: creating guidance session with uuid: '315fec98-13cc-4e54-a4b1-980f1dd8feb0' and name 'Code Analyzer'
02/19/25 13:54:11: SESSION_MGR: closing session for UUID '315fec98-13cc-4e54-a4b1-980f1dd8feb0' with name ''
02/19/25 13:54:11: KERNEL_SVC: closing session for UUID '315fec98-13cc-4e54-a4b1-980f1dd8feb0' with name ''
02/19/25 13:54:11: GUIDANCE_SMGR: closing session for UUID '315fec98-13cc-4e54-a4b1-980f1dd8feb0' with name ''
02/19/25 13:54:11: STOP_SERVER received, server token: 3ea45316-eefb-11ef-a039-00090ffe0001, passed token: 3ea45316-eefb-11ef-a039-00090ffe0001
02/19/25 13:54:11: Socket received request to stop server.
02/19/25 13:54:11: Dispatch Server: do_await_stop
02/19/25 13:54:11: SERVER: destructor for server bound to port 55600
02/19/25 13:54:11: Server exiting with status 0.
02/19/25 13:54:11: Closing log file.
02/19/25 13:55:52: Running xcd server. This server was built by gradle.
02/19/25 13:55:52: Server was asked to start on port: '55637'
02/19/25 13:55:52: Server is using token UUID: '84b307a3-eefb-11ef-97db-00090ffe0001'
02/19/25 13:55:52: SESSION_MGR: creating session with session uuid: '6d04a3e9-ade5-4ab9-8d63-1f78fcd2ec76' and name 'default'
02/19/25 13:55:52: Attempting to start server on port '55637'
02/19/25 13:55:52: Running Dispatch Server
02/19/25 13:55:52: Version 2.2.0
02/19/25 13:55:52: Dispatch Server: Accepted socket connection from client
02/19/25 13:55:52: Starting Socket connection
02/19/25 13:55:52: EXCHANGE_TOKEN received, server token: 84b307a3-eefb-11ef-97db-00090ffe0001, passed token: 84b307a3-eefb-11ef-97db-00090ffe0001
02/19/25 13:55:52: SESSION_MGR: creating session with session uuid: 'ab12fcfe-cd14-48be-b721-cec22287239d' and name 'Code Analyzer'
02/19/25 13:55:52: KERNEL_SVC: creating session with uuid: 'ab12fcfe-cd14-48be-b721-cec22287239d' and name 'Code Analyzer'
02/19/25 13:55:52: GUIDANCE_SMGR: creating guidance session with uuid: 'ab12fcfe-cd14-48be-b721-cec22287239d' and name 'Code Analyzer'
02/19/25 13:56:12: SESSION_MGR: closing session for UUID 'ab12fcfe-cd14-48be-b721-cec22287239d' with name ''
02/19/25 13:56:12: KERNEL_SVC: closing session for UUID 'ab12fcfe-cd14-48be-b721-cec22287239d' with name ''
02/19/25 13:56:12: GUIDANCE_SMGR: closing session for UUID 'ab12fcfe-cd14-48be-b721-cec22287239d' with name ''
02/19/25 13:56:12: STOP_SERVER received, server token: 84b307a3-eefb-11ef-97db-00090ffe0001, passed token: 84b307a3-eefb-11ef-97db-00090ffe0001
02/19/25 13:56:12: Socket received request to stop server.
02/19/25 13:56:12: Dispatch Server: do_await_stop
02/19/25 13:56:12: SERVER: destructor for server bound to port 55637
02/19/25 13:56:12: Server exiting with status 0.
02/19/25 13:56:12: Closing log file.
02/20/25 09:54:33: Running xcd server. This server was built by gradle.
02/20/25 09:54:33: Server was asked to start on port: '62269'
02/20/25 09:54:33: Server is using token UUID: 'f8e16c1d-efa2-11ef-bd95-00090ffe0001'
02/20/25 09:54:33: SESSION_MGR: creating session with session uuid: '6d04a3e9-ade5-4ab9-8d63-1f78fcd2ec76' and name 'default'
02/20/25 09:54:33: Attempting to start server on port '62269'
02/20/25 09:54:33: Running Dispatch Server
02/20/25 09:54:33: Version 2.2.0
02/20/25 09:54:33: Dispatch Server: Accepted socket connection from client
02/20/25 09:54:33: Starting Socket connection
02/20/25 09:54:33: EXCHANGE_TOKEN received, server token: f8e16c1d-efa2-11ef-bd95-00090ffe0001, passed token: f8e16c1d-efa2-11ef-bd95-00090ffe0001
02/20/25 09:54:33: SESSION_MGR: creating session with session uuid: '6aa18c45-aa9c-432f-9bb0-2aa6aa73dac7' and name 'Code Analyzer'
02/20/25 09:54:33: KERNEL_SVC: creating session with uuid: '6aa18c45-aa9c-432f-9bb0-2aa6aa73dac7' and name 'Code Analyzer'
02/20/25 09:54:33: GUIDANCE_SMGR: creating guidance session with uuid: '6aa18c45-aa9c-432f-9bb0-2aa6aa73dac7' and name 'Code Analyzer'
02/20/25 09:54:36: SESSION_MGR: closing session for UUID '6aa18c45-aa9c-432f-9bb0-2aa6aa73dac7' with name ''
02/20/25 09:54:36: KERNEL_SVC: closing session for UUID '6aa18c45-aa9c-432f-9bb0-2aa6aa73dac7' with name ''
02/20/25 09:54:36: GUIDANCE_SMGR: closing session for UUID '6aa18c45-aa9c-432f-9bb0-2aa6aa73dac7' with name ''
02/20/25 09:54:36: STOP_SERVER received, server token: f8e16c1d-efa2-11ef-bd95-00090ffe0001, passed token: f8e16c1d-efa2-11ef-bd95-00090ffe0001
02/20/25 09:54:36: Socket received request to stop server.
02/20/25 09:54:36: Dispatch Server: do_await_stop
02/20/25 09:54:36: SERVER: destructor for server bound to port 62269
02/20/25 09:54:36: Server exiting with status 0.
02/20/25 09:54:36: Closing log file.
02/20/25 10:07:50: Running xcd server. This server was built by gradle.
02/20/25 10:07:50: Server was asked to start on port: '63990'
02/20/25 10:07:50: Server is using token UUID: 'd40fd3ca-efa4-11ef-b7e0-00090ffe0001'
02/20/25 10:07:50: SESSION_MGR: creating session with session uuid: '6d04a3e9-ade5-4ab9-8d63-1f78fcd2ec76' and name 'default'
02/20/25 10:07:50: Attempting to start server on port '63990'
02/20/25 10:07:50: Running Dispatch Server
02/20/25 10:07:50: Version 2.2.0
02/20/25 10:07:51: Dispatch Server: Accepted socket connection from client
02/20/25 10:07:51: Starting Socket connection
02/20/25 10:07:51: EXCHANGE_TOKEN received, server token: d40fd3ca-efa4-11ef-b7e0-00090ffe0001, passed token: d40fd3ca-efa4-11ef-b7e0-00090ffe0001
02/20/25 10:07:51: SESSION_MGR: creating session with session uuid: 'cbb198bd-7766-4e4c-b717-6ad6509a58be' and name 'Code Analyzer'
02/20/25 10:07:51: KERNEL_SVC: creating session with uuid: 'cbb198bd-7766-4e4c-b717-6ad6509a58be' and name 'Code Analyzer'
02/20/25 10:07:51: GUIDANCE_SMGR: creating guidance session with uuid: 'cbb198bd-7766-4e4c-b717-6ad6509a58be' and name 'Code Analyzer'
02/20/25 10:07:53: SESSION_MGR: closing session for UUID 'cbb198bd-7766-4e4c-b717-6ad6509a58be' with name ''
02/20/25 10:07:53: KERNEL_SVC: closing session for UUID 'cbb198bd-7766-4e4c-b717-6ad6509a58be' with name ''
02/20/25 10:07:53: GUIDANCE_SMGR: closing session for UUID 'cbb198bd-7766-4e4c-b717-6ad6509a58be' with name ''
02/20/25 10:07:53: STOP_SERVER received, server token: d40fd3ca-efa4-11ef-b7e0-00090ffe0001, passed token: d40fd3ca-efa4-11ef-b7e0-00090ffe0001
02/20/25 10:07:53: Socket received request to stop server.
02/20/25 10:07:53: Dispatch Server: do_await_stop
02/20/25 10:07:53: SERVER: destructor for server bound to port 63990
02/20/25 10:07:53: Server exiting with status 0.
02/20/25 10:07:53: Closing log file.
02/20/25 10:09:27: Running xcd server. This server was built by gradle.
02/20/25 10:09:27: Server was asked to start on port: '64019'
02/20/25 10:09:27: Server is using token UUID: '0dfdd047-efa5-11ef-a339-00090ffe0001'
02/20/25 10:09:27: SESSION_MGR: creating session with session uuid: '6d04a3e9-ade5-4ab9-8d63-1f78fcd2ec76' and name 'default'
02/20/25 10:09:27: Attempting to start server on port '64019'
02/20/25 10:09:27: Running Dispatch Server
02/20/25 10:09:27: Version 2.2.0
02/20/25 10:09:28: Dispatch Server: Accepted socket connection from client
02/20/25 10:09:28: Starting Socket connection
02/20/25 10:09:28: EXCHANGE_TOKEN received, server token: 0dfdd047-efa5-11ef-a339-00090ffe0001, passed token: 0dfdd047-efa5-11ef-a339-00090ffe0001
02/20/25 10:09:28: SESSION_MGR: creating session with session uuid: 'cf04440f-9cfb-4974-8656-84367fb21a51' and name 'Code Analyzer'
02/20/25 10:09:28: KERNEL_SVC: creating session with uuid: 'cf04440f-9cfb-4974-8656-84367fb21a51' and name 'Code Analyzer'
02/20/25 10:09:28: GUIDANCE_SMGR: creating guidance session with uuid: 'cf04440f-9cfb-4974-8656-84367fb21a51' and name 'Code Analyzer'
02/20/25 10:09:30: SESSION_MGR: closing session for UUID 'cf04440f-9cfb-4974-8656-84367fb21a51' with name ''
02/20/25 10:09:30: KERNEL_SVC: closing session for UUID 'cf04440f-9cfb-4974-8656-84367fb21a51' with name ''
02/20/25 10:09:30: GUIDANCE_SMGR: closing session for UUID 'cf04440f-9cfb-4974-8656-84367fb21a51' with name ''
02/20/25 10:09:30: STOP_SERVER received, server token: 0dfdd047-efa5-11ef-a339-00090ffe0001, passed token: 0dfdd047-efa5-11ef-a339-00090ffe0001
02/20/25 10:09:30: Socket received request to stop server.
02/20/25 10:09:30: Dispatch Server: do_await_stop
02/20/25 10:09:30: SERVER: destructor for server bound to port 64019
02/20/25 10:09:30: Server exiting with status 0.
02/20/25 10:09:30: Closing log file.
02/20/25 10:10:09: Running xcd server. This server was built by gradle.
02/20/25 10:10:09: Server was asked to start on port: '64031'
02/20/25 10:10:09: Server is using token UUID: '26c48481-efa5-11ef-8f69-00090ffe0001'
02/20/25 10:10:09: SESSION_MGR: creating session with session uuid: '6d04a3e9-ade5-4ab9-8d63-1f78fcd2ec76' and name 'default'
02/20/25 10:10:09: Attempting to start server on port '64031'
02/20/25 10:10:09: Running Dispatch Server
02/20/25 10:10:09: Version 2.2.0
02/20/25 10:10:09: Dispatch Server: Accepted socket connection from client
02/20/25 10:10:09: Starting Socket connection
02/20/25 10:10:09: EXCHANGE_TOKEN received, server token: 26c48481-efa5-11ef-8f69-00090ffe0001, passed token: 26c48481-efa5-11ef-8f69-00090ffe0001
02/20/25 10:10:09: SESSION_MGR: creating session with session uuid: 'cbd17f0c-3e61-4d64-8718-993964efbe41' and name 'Code Analyzer'
02/20/25 10:10:09: KERNEL_SVC: creating session with uuid: 'cbd17f0c-3e61-4d64-8718-993964efbe41' and name 'Code Analyzer'
02/20/25 10:10:09: GUIDANCE_SMGR: creating guidance session with uuid: 'cbd17f0c-3e61-4d64-8718-993964efbe41' and name 'Code Analyzer'
02/20/25 10:10:48: SESSION_MGR: closing session for UUID 'cbd17f0c-3e61-4d64-8718-993964efbe41' with name ''
02/20/25 10:10:48: KERNEL_SVC: closing session for UUID 'cbd17f0c-3e61-4d64-8718-993964efbe41' with name ''
02/20/25 10:10:48: GUIDANCE_SMGR: closing session for UUID 'cbd17f0c-3e61-4d64-8718-993964efbe41' with name ''
02/20/25 10:10:48: STOP_SERVER received, server token: 26c48481-efa5-11ef-8f69-00090ffe0001, passed token: 26c48481-efa5-11ef-8f69-00090ffe0001
02/20/25 10:10:48: Socket received request to stop server.
02/20/25 10:10:48: Dispatch Server: do_await_stop
02/20/25 10:10:48: SERVER: destructor for server bound to port 64031
02/20/25 10:10:48: Server exiting with status 0.
02/20/25 10:10:48: Closing log file.
02/20/25 10:15:27: Running xcd server. This server was built by gradle.
02/20/25 10:15:27: Server was asked to start on port: '64263'
02/20/25 10:15:27: Server is using token UUID: 'e449f7e4-efa5-11ef-b28d-00090ffe0001'
02/20/25 10:15:27: SESSION_MGR: creating session with session uuid: '6d04a3e9-ade5-4ab9-8d63-1f78fcd2ec76' and name 'default'
02/20/25 10:15:27: Attempting to start server on port '64263'
02/20/25 10:15:27: Running Dispatch Server
02/20/25 10:15:27: Version 2.2.0
02/20/25 10:15:27: Dispatch Server: Accepted socket connection from client
02/20/25 10:15:27: Starting Socket connection
02/20/25 10:15:27: EXCHANGE_TOKEN received, server token: e449f7e4-efa5-11ef-b28d-00090ffe0001, passed token: e449f7e4-efa5-11ef-b28d-00090ffe0001
02/20/25 10:15:27: SESSION_MGR: creating session with session uuid: '298c56d6-6ee6-468f-8287-b331bee9d7d0' and name 'Code Analyzer'
02/20/25 10:15:27: KERNEL_SVC: creating session with uuid: '298c56d6-6ee6-468f-8287-b331bee9d7d0' and name 'Code Analyzer'
02/20/25 10:15:27: GUIDANCE_SMGR: creating guidance session with uuid: '298c56d6-6ee6-468f-8287-b331bee9d7d0' and name 'Code Analyzer'
02/20/25 10:15:34: SESSION_MGR: closing session for UUID '298c56d6-6ee6-468f-8287-b331bee9d7d0' with name ''
02/20/25 10:15:34: KERNEL_SVC: closing session for UUID '298c56d6-6ee6-468f-8287-b331bee9d7d0' with name ''
02/20/25 10:15:34: GUIDANCE_SMGR: closing session for UUID '298c56d6-6ee6-468f-8287-b331bee9d7d0' with name ''
02/20/25 10:15:34: STOP_SERVER received, server token: e449f7e4-efa5-11ef-b28d-00090ffe0001, passed token: e449f7e4-efa5-11ef-b28d-00090ffe0001
02/20/25 10:15:34: Socket received request to stop server.
02/20/25 10:15:34: Dispatch Server: do_await_stop
02/20/25 10:15:34: SERVER: destructor for server bound to port 64263
02/20/25 10:15:34: Server exiting with status 0.
02/20/25 10:15:34: Closing log file.
02/20/25 10:17:40: Running xcd server. This server was built by gradle.
02/20/25 10:17:40: Server was asked to start on port: '64312'
02/20/25 10:17:40: Server is using token UUID: '33d2a561-efa6-11ef-bfed-00090ffe0001'
02/20/25 10:17:40: SESSION_MGR: creating session with session uuid: '6d04a3e9-ade5-4ab9-8d63-1f78fcd2ec76' and name 'default'
02/20/25 10:17:40: Attempting to start server on port '64312'
02/20/25 10:17:40: Running Dispatch Server
02/20/25 10:17:40: Version 2.2.0
02/20/25 10:17:41: Dispatch Server: Accepted socket connection from client
02/20/25 10:17:41: Starting Socket connection
02/20/25 10:17:41: EXCHANGE_TOKEN received, server token: 33d2a561-efa6-11ef-bfed-00090ffe0001, passed token: 33d2a561-efa6-11ef-bfed-00090ffe0001
02/20/25 10:17:41: SESSION_MGR: creating session with session uuid: '0c56690c-f359-4ab6-aa43-f7a8a2f4af60' and name 'Code Analyzer'
02/20/25 10:17:41: KERNEL_SVC: creating session with uuid: '0c56690c-f359-4ab6-aa43-f7a8a2f4af60' and name 'Code Analyzer'
02/20/25 10:17:41: GUIDANCE_SMGR: creating guidance session with uuid: '0c56690c-f359-4ab6-aa43-f7a8a2f4af60' and name 'Code Analyzer'
02/20/25 10:17:48: SESSION_MGR: closing session for UUID '0c56690c-f359-4ab6-aa43-f7a8a2f4af60' with name ''
02/20/25 10:17:48: KERNEL_SVC: closing session for UUID '0c56690c-f359-4ab6-aa43-f7a8a2f4af60' with name ''
02/20/25 10:17:48: GUIDANCE_SMGR: closing session for UUID '0c56690c-f359-4ab6-aa43-f7a8a2f4af60' with name ''
02/20/25 10:17:48: STOP_SERVER received, server token: 33d2a561-efa6-11ef-bfed-00090ffe0001, passed token: 33d2a561-efa6-11ef-bfed-00090ffe0001
02/20/25 10:17:48: Socket received request to stop server.
02/20/25 10:17:48: Dispatch Server: do_await_stop
02/20/25 10:17:48: SERVER: destructor for server bound to port 64312
02/20/25 10:17:48: Server exiting with status 0.
02/20/25 10:17:48: Closing log file.
02/20/25 10:23:28: Running xcd server. This server was built by gradle.
02/20/25 10:23:28: Server was asked to start on port: '54191'
02/20/25 10:23:28: Server is using token UUID: '032e67a2-efa7-11ef-a2ce-00090ffe0001'
02/20/25 10:23:28: SESSION_MGR: creating session with session uuid: '6d04a3e9-ade5-4ab9-8d63-1f78fcd2ec76' and name 'default'
02/20/25 10:23:28: Attempting to start server on port '54191'
02/20/25 10:23:28: Running Dispatch Server
02/20/25 10:23:28: Version 2.2.0
02/20/25 10:23:29: Dispatch Server: Accepted socket connection from client
02/20/25 10:23:29: Starting Socket connection
02/20/25 10:23:29: EXCHANGE_TOKEN received, server token: 032e67a2-efa7-11ef-a2ce-00090ffe0001, passed token: 032e67a2-efa7-11ef-a2ce-00090ffe0001
02/20/25 10:23:29: SESSION_MGR: creating session with session uuid: 'bc758945-fc71-43b5-985f-0052ce05ccfe' and name 'Code Analyzer'
02/20/25 10:23:29: KERNEL_SVC: creating session with uuid: 'bc758945-fc71-43b5-985f-0052ce05ccfe' and name 'Code Analyzer'
02/20/25 10:23:29: GUIDANCE_SMGR: creating guidance session with uuid: 'bc758945-fc71-43b5-985f-0052ce05ccfe' and name 'Code Analyzer'
02/20/25 10:23:33: SESSION_MGR: closing session for UUID 'bc758945-fc71-43b5-985f-0052ce05ccfe' with name ''
02/20/25 10:23:33: KERNEL_SVC: closing session for UUID 'bc758945-fc71-43b5-985f-0052ce05ccfe' with name ''
02/20/25 10:23:33: GUIDANCE_SMGR: closing session for UUID 'bc758945-fc71-43b5-985f-0052ce05ccfe' with name ''
02/20/25 10:23:33: STOP_SERVER received, server token: 032e67a2-efa7-11ef-a2ce-00090ffe0001, passed token: 032e67a2-efa7-11ef-a2ce-00090ffe0001
02/20/25 10:23:33: Socket received request to stop server.
02/20/25 10:23:33: Dispatch Server: do_await_stop
02/20/25 10:23:33: SERVER: destructor for server bound to port 54191
02/20/25 10:23:33: Server exiting with status 0.
02/20/25 10:23:33: Closing log file.
02/20/25 10:24:18: Running xcd server. This server was built by gradle.
02/20/25 10:24:18: Server was asked to start on port: '54208'
02/20/25 10:24:18: Server is using token UUID: '20d9288c-efa7-11ef-9bfc-00090ffe0001'
02/20/25 10:24:18: SESSION_MGR: creating session with session uuid: '6d04a3e9-ade5-4ab9-8d63-1f78fcd2ec76' and name 'default'
02/20/25 10:24:18: Attempting to start server on port '54208'
02/20/25 10:24:18: Running Dispatch Server
02/20/25 10:24:18: Version 2.2.0
02/20/25 10:24:18: Dispatch Server: Accepted socket connection from client
02/20/25 10:24:18: Starting Socket connection
02/20/25 10:24:18: EXCHANGE_TOKEN received, server token: 20d9288c-efa7-11ef-9bfc-00090ffe0001, passed token: 20d9288c-efa7-11ef-9bfc-00090ffe0001
02/20/25 10:24:18: SESSION_MGR: creating session with session uuid: 'e0befd2d-6cf7-48bf-8c50-6246eca894d6' and name 'Code Analyzer'
02/20/25 10:24:18: KERNEL_SVC: creating session with uuid: 'e0befd2d-6cf7-48bf-8c50-6246eca894d6' and name 'Code Analyzer'
02/20/25 10:24:18: GUIDANCE_SMGR: creating guidance session with uuid: 'e0befd2d-6cf7-48bf-8c50-6246eca894d6' and name 'Code Analyzer'
02/20/25 10:24:45: SESSION_MGR: closing session for UUID 'e0befd2d-6cf7-48bf-8c50-6246eca894d6' with name ''
02/20/25 10:24:45: KERNEL_SVC: closing session for UUID 'e0befd2d-6cf7-48bf-8c50-6246eca894d6' with name ''
02/20/25 10:24:45: GUIDANCE_SMGR: closing session for UUID 'e0befd2d-6cf7-48bf-8c50-6246eca894d6' with name ''
02/20/25 10:24:45: STOP_SERVER received, server token: 20d9288c-efa7-11ef-9bfc-00090ffe0001, passed token: 20d9288c-efa7-11ef-9bfc-00090ffe0001
02/20/25 10:24:45: Socket received request to stop server.
02/20/25 10:24:45: Dispatch Server: do_await_stop
02/20/25 10:24:45: SERVER: destructor for server bound to port 54208
02/20/25 10:24:45: Server exiting with status 0.
02/20/25 10:24:45: Closing log file.
02/20/25 10:29:00: Running xcd server. This server was built by gradle.
02/20/25 10:29:00: Server was asked to start on port: '53652'
02/20/25 10:29:00: Server is using token UUID: 'c8d40205-efa7-11ef-b733-00090ffe0001'
02/20/25 10:29:00: SESSION_MGR: creating session with session uuid: '6d04a3e9-ade5-4ab9-8d63-1f78fcd2ec76' and name 'default'
02/20/25 10:29:00: Attempting to start server on port '53652'
02/20/25 10:29:00: Running Dispatch Server
02/20/25 10:29:00: Version 2.2.0
02/20/25 10:29:00: Dispatch Server: Accepted socket connection from client
02/20/25 10:29:00: Starting Socket connection
02/20/25 10:29:00: EXCHANGE_TOKEN received, server token: c8d40205-efa7-11ef-b733-00090ffe0001, passed token: c8d40205-efa7-11ef-b733-00090ffe0001
02/20/25 10:29:00: SESSION_MGR: creating session with session uuid: '76bcf85c-867f-424f-bd85-518f1d13d6cb' and name 'Code Analyzer'
02/20/25 10:29:00: KERNEL_SVC: creating session with uuid: '76bcf85c-867f-424f-bd85-518f1d13d6cb' and name 'Code Analyzer'
02/20/25 10:29:00: GUIDANCE_SMGR: creating guidance session with uuid: '76bcf85c-867f-424f-bd85-518f1d13d6cb' and name 'Code Analyzer'
02/20/25 10:29:18: SESSION_MGR: closing session for UUID '76bcf85c-867f-424f-bd85-518f1d13d6cb' with name ''
02/20/25 10:29:18: KERNEL_SVC: closing session for UUID '76bcf85c-867f-424f-bd85-518f1d13d6cb' with name ''
02/20/25 10:29:18: GUIDANCE_SMGR: closing session for UUID '76bcf85c-867f-424f-bd85-518f1d13d6cb' with name ''
02/20/25 10:29:18: STOP_SERVER received, server token: c8d40205-efa7-11ef-b733-00090ffe0001, passed token: c8d40205-efa7-11ef-b733-00090ffe0001
02/20/25 10:29:18: Socket received request to stop server.
02/20/25 10:29:18: Dispatch Server: do_await_stop
02/20/25 10:29:18: SERVER: destructor for server bound to port 53652
02/20/25 10:29:18: Server exiting with status 0.
02/20/25 10:29:18: Closing log file.
02/20/25 10:30:10: Running xcd server. This server was built by gradle.
02/20/25 10:30:10: Server was asked to start on port: '53674'
02/20/25 10:30:10: Server is using token UUID: 'f28ca50a-efa7-11ef-b988-00090ffe0001'
02/20/25 10:30:10: SESSION_MGR: creating session with session uuid: '6d04a3e9-ade5-4ab9-8d63-1f78fcd2ec76' and name 'default'
02/20/25 10:30:10: Attempting to start server on port '53674'
02/20/25 10:30:10: Running Dispatch Server
02/20/25 10:30:10: Version 2.2.0
02/20/25 10:30:10: Dispatch Server: Accepted socket connection from client
02/20/25 10:30:10: Starting Socket connection
02/20/25 10:30:10: EXCHANGE_TOKEN received, server token: f28ca50a-efa7-11ef-b988-00090ffe0001, passed token: f28ca50a-efa7-11ef-b988-00090ffe0001
02/20/25 10:30:10: SESSION_MGR: creating session with session uuid: '49c012e8-3e48-429a-9662-97c7e2d6c679' and name 'Code Analyzer'
02/20/25 10:30:10: KERNEL_SVC: creating session with uuid: '49c012e8-3e48-429a-9662-97c7e2d6c679' and name 'Code Analyzer'
02/20/25 10:30:10: GUIDANCE_SMGR: creating guidance session with uuid: '49c012e8-3e48-429a-9662-97c7e2d6c679' and name 'Code Analyzer'
02/20/25 10:30:25: SESSION_MGR: closing session for UUID '49c012e8-3e48-429a-9662-97c7e2d6c679' with name ''
02/20/25 10:30:25: KERNEL_SVC: closing session for UUID '49c012e8-3e48-429a-9662-97c7e2d6c679' with name ''
02/20/25 10:30:25: GUIDANCE_SMGR: closing session for UUID '49c012e8-3e48-429a-9662-97c7e2d6c679' with name ''
02/20/25 10:30:25: STOP_SERVER received, server token: f28ca50a-efa7-11ef-b988-00090ffe0001, passed token: f28ca50a-efa7-11ef-b988-00090ffe0001
02/20/25 10:30:25: Socket received request to stop server.
02/20/25 10:30:25: Dispatch Server: do_await_stop
02/20/25 10:30:25: SERVER: destructor for server bound to port 53674
02/20/25 10:30:25: Server exiting with status 0.
02/20/25 10:30:25: Closing log file.
02/20/25 10:33:30: Running xcd server. This server was built by gradle.
02/20/25 10:33:30: Server was asked to start on port: '59633'
02/20/25 10:33:30: Server is using token UUID: '69b5c735-efa8-11ef-ba35-00090ffe0001'
02/20/25 10:33:30: SESSION_MGR: creating session with session uuid: '6d04a3e9-ade5-4ab9-8d63-1f78fcd2ec76' and name 'default'
02/20/25 10:33:30: Attempting to start server on port '59633'
02/20/25 10:33:30: Running Dispatch Server
02/20/25 10:33:30: Version 2.2.0
02/20/25 10:33:30: Dispatch Server: Accepted socket connection from client
02/20/25 10:33:30: Starting Socket connection
02/20/25 10:33:30: EXCHANGE_TOKEN received, server token: 69b5c735-efa8-11ef-ba35-00090ffe0001, passed token: 69b5c735-efa8-11ef-ba35-00090ffe0001
02/20/25 10:33:30: SESSION_MGR: creating session with session uuid: 'ea9a33ce-ef9b-46a5-b2b4-bd4310563860' and name 'Code Analyzer'
02/20/25 10:33:30: KERNEL_SVC: creating session with uuid: 'ea9a33ce-ef9b-46a5-b2b4-bd4310563860' and name 'Code Analyzer'
02/20/25 10:33:30: GUIDANCE_SMGR: creating guidance session with uuid: 'ea9a33ce-ef9b-46a5-b2b4-bd4310563860' and name 'Code Analyzer'
02/20/25 10:33:46: SESSION_MGR: closing session for UUID 'ea9a33ce-ef9b-46a5-b2b4-bd4310563860' with name ''
02/20/25 10:33:46: KERNEL_SVC: closing session for UUID 'ea9a33ce-ef9b-46a5-b2b4-bd4310563860' with name ''
02/20/25 10:33:46: GUIDANCE_SMGR: closing session for UUID 'ea9a33ce-ef9b-46a5-b2b4-bd4310563860' with name ''
02/20/25 10:33:46: STOP_SERVER received, server token: 69b5c735-efa8-11ef-ba35-00090ffe0001, passed token: 69b5c735-efa8-11ef-ba35-00090ffe0001
02/20/25 10:33:46: Socket received request to stop server.
02/20/25 10:33:46: Dispatch Server: do_await_stop
02/20/25 10:33:46: SERVER: destructor for server bound to port 59633
02/20/25 10:33:46: Server exiting with status 0.
02/20/25 10:33:46: Closing log file.
02/20/25 10:34:14: Running xcd server. This server was built by gradle.
02/20/25 10:34:14: Server was asked to start on port: '59647'
02/20/25 10:34:14: Server is using token UUID: '83f2d310-efa8-11ef-98c3-00090ffe0001'
02/20/25 10:34:14: SESSION_MGR: creating session with session uuid: '6d04a3e9-ade5-4ab9-8d63-1f78fcd2ec76' and name 'default'
02/20/25 10:34:14: Attempting to start server on port '59647'
02/20/25 10:34:14: Running Dispatch Server
02/20/25 10:34:14: Version 2.2.0
02/20/25 10:34:14: Dispatch Server: Accepted socket connection from client
02/20/25 10:34:14: Starting Socket connection
02/20/25 10:34:14: EXCHANGE_TOKEN received, server token: 83f2d310-efa8-11ef-98c3-00090ffe0001, passed token: 83f2d310-efa8-11ef-98c3-00090ffe0001
02/20/25 10:34:14: SESSION_MGR: creating session with session uuid: '96cd1931-d4b5-49df-9a2e-ca64369ffdab' and name 'Code Analyzer'
02/20/25 10:34:14: KERNEL_SVC: creating session with uuid: '96cd1931-d4b5-49df-9a2e-ca64369ffdab' and name 'Code Analyzer'
02/20/25 10:34:14: GUIDANCE_SMGR: creating guidance session with uuid: '96cd1931-d4b5-49df-9a2e-ca64369ffdab' and name 'Code Analyzer'
02/20/25 10:34:27: SESSION_MGR: closing session for UUID '96cd1931-d4b5-49df-9a2e-ca64369ffdab' with name ''
02/20/25 10:34:27: KERNEL_SVC: closing session for UUID '96cd1931-d4b5-49df-9a2e-ca64369ffdab' with name ''
02/20/25 10:34:27: GUIDANCE_SMGR: closing session for UUID '96cd1931-d4b5-49df-9a2e-ca64369ffdab' with name ''
02/20/25 10:34:27: STOP_SERVER received, server token: 83f2d310-efa8-11ef-98c3-00090ffe0001, passed token: 83f2d310-efa8-11ef-98c3-00090ffe0001
02/20/25 10:34:27: Socket received request to stop server.
02/20/25 10:34:27: Dispatch Server: do_await_stop
02/20/25 10:34:27: SERVER: destructor for server bound to port 59647
02/20/25 10:34:27: Server exiting with status 0.
02/20/25 10:34:27: Closing log file.
02/20/25 14:51:57: Running xcd server. This server was built by gradle.
02/20/25 14:51:57: Server was asked to start on port: '65293'
02/20/25 14:51:57: Server is using token UUID: '84ac1736-efcc-11ef-9d5e-00090ffe0001'
02/20/25 14:51:57: SESSION_MGR: creating session with session uuid: '6d04a3e9-ade5-4ab9-8d63-1f78fcd2ec76' and name 'default'
02/20/25 14:51:57: Attempting to start server on port '65293'
02/20/25 14:51:57: Running Dispatch Server
02/20/25 14:51:57: Version 2.2.0
02/20/25 14:51:57: Dispatch Server: Accepted socket connection from client
02/20/25 14:51:57: Starting Socket connection
02/20/25 14:51:57: EXCHANGE_TOKEN received, server token: 84ac1736-efcc-11ef-9d5e-00090ffe0001, passed token: 84ac1736-efcc-11ef-9d5e-00090ffe0001
02/20/25 14:51:57: SESSION_MGR: creating session with session uuid: 'd19a61b3-cf35-48fd-a64b-00749cd3ca67' and name 'Code Analyzer'
02/20/25 14:51:57: KERNEL_SVC: creating session with uuid: 'd19a61b3-cf35-48fd-a64b-00749cd3ca67' and name 'Code Analyzer'
02/20/25 14:51:57: GUIDANCE_SMGR: creating guidance session with uuid: 'd19a61b3-cf35-48fd-a64b-00749cd3ca67' and name 'Code Analyzer'
02/20/25 14:52:35: SESSION_MGR: closing session for UUID 'd19a61b3-cf35-48fd-a64b-00749cd3ca67' with name ''
02/20/25 14:52:35: KERNEL_SVC: closing session for UUID 'd19a61b3-cf35-48fd-a64b-00749cd3ca67' with name ''
02/20/25 14:52:35: GUIDANCE_SMGR: closing session for UUID 'd19a61b3-cf35-48fd-a64b-00749cd3ca67' with name ''
02/20/25 14:52:35: STOP_SERVER received, server token: 84ac1736-efcc-11ef-9d5e-00090ffe0001, passed token: 84ac1736-efcc-11ef-9d5e-00090ffe0001
02/20/25 14:52:35: Socket received request to stop server.
02/20/25 14:52:35: Dispatch Server: do_await_stop
02/20/25 14:52:35: SERVER: destructor for server bound to port 65293
02/20/25 14:52:35: Server exiting with status 0.
02/20/25 14:52:35: Closing log file.
