  **** HLS Build v2024.2 5238294
INFO: [HLS 200-2005] Using work_dir C:/Users/ZachKrueger/Documents/AI/axis_distortion/axis_distortion 
INFO: [HLS 200-1505] Using default flow_target 'vivado'
Resolution: For help on HLS 200-1505 see docs.xilinx.com/access/sources/dita/topic?Doc_Version=2024.2%20English&url=ug1448-hls-guidance&resourceid=200-1505.html
INFO: [HLS 200-1465] Applying ini 'syn.file=distortion.cpp' from C:/Users/ZachKrueger/Documents/AI/axis_distortion/hls_config.cfg(10)
INFO: [HLS 200-10] Adding design file 'C:/Users/ZachKrueger/Documents/AI/axis_distortion/distortion.cpp' to the project
INFO: [HLS 200-1465] Applying ini 'syn.file=distortion.h' from C:/Users/ZachKrueger/Documents/AI/axis_distortion/hls_config.cfg(11)
INFO: [HLS 200-10] Adding design file 'C:/Users/ZachKrueger/Documents/AI/axis_distortion/distortion.h' to the project
INFO: [HLS 200-1465] Applying ini 'tb.file=test_distortion.cpp' from C:/Users/ZachKrueger/Documents/AI/axis_distortion/hls_config.cfg(7)
INFO: [HLS 200-10] Adding test bench file 'C:/Users/ZachKrueger/Documents/AI/axis_distortion/test_distortion.cpp' to the project
INFO: [HLS 200-1465] Applying ini 'syn.top=distortion' from C:/Users/ZachKrueger/Documents/AI/axis_distortion/hls_config.cfg(9)
INFO: [HLS 200-1465] Applying ini 'flow_target=vivado' from C:/Users/ZachKrueger/Documents/AI/axis_distortion/hls_config.cfg(4)
INFO: [HLS 200-1505] Using flow_target 'vivado'
Resolution: For help on HLS 200-1505 see docs.xilinx.com/access/sources/dita/topic?Doc_Version=2024.2%20English&url=ug1448-hls-guidance&resourceid=200-1505.html
INFO: [HLS 200-1465] Applying ini 'part=xc7a35tcpg236-1' from C:/Users/ZachKrueger/Documents/AI/axis_distortion/hls_config.cfg(1)
INFO: [HLS 200-1611] Setting target device to 'xc7a35t-cpg236-1'
INFO: [HLS 200-1465] Applying ini 'csim.code_analyzer=1' from C:/Users/ZachKrueger/Documents/AI/axis_distortion/hls_config.cfg(8)
INFO: [HLS 200-1465] Applying ini 'package.output.format=ip_catalog' from C:/Users/ZachKrueger/Documents/AI/axis_distortion/hls_config.cfg(5)
INFO: [SIM 211-200] Executing Code Analyzer instead of classic HLS C simulation
INFO: [HLS 211-200] Compiling source code C:/Users/ZachKrueger/Documents/AI/axis_distortion/test_distortion.cpp as test bench code with instrumentation
INFO: [HLS 211-200] Linking executable
INFO: [HLS 211-200] Computing HLS IR Information
INFO: [HLS 211-200] Determining source code dependencies
INFO: [SIM 211-200] Running executable
Output: 0
Output: 542711
Output: 954313
Output: 1276045
Output: 1533489
Output: 1743353
Output: 1917004
Output: 2062436
Output: 2185434
Output: 2290281
Output: 2380214
Output: 2457718
Output: 2524729
Output: 2582777
Output: 2633078
Output: 2676610
Output: 2714165
Output: 2746382
Output: 2773784
Output: 2796790
Output: 2815741
Output: 2830907
Output: 2842498
Output: 2850669
Output: 2855529
Output: 2857143
Output: 2855529
Output: 2850669
Output: 2842498
Output: 2830907
Output: 2815741
Output: 2796790
Output: 2773784
Output: 2746382
Output: 2714165
Output: 2676610
Output: 2633078
Output: 2582777
Output: 2524729
Output: 2457718
Output: 2380214
Output: 2290281
Output: 2185434
Output: 2062436
Output: 1917004
Output: 1743353
Output: 1533489
Output: 1276045
Output: 954313
Output: 542711
Output: 0
Output: -542711
Output: -954313
Output: -1276045
Output: -1533489
Output: -1743353
Output: -1917004
Output: -2062436
Output: -2185434
Output: -2290281
Output: -2380214
Output: -2457718
Output: -2524729
Output: -2582777
Output: -2633078
Output: -2676610
Output: -2714165
Output: -2746382
Output: -2773784
Output: -2796790
Output: -2815741
Output: -2830907
Output: -2842498
Output: -2850669
Output: -2855529
Output: -2857143
Output: -2855529
Output: -2850669
Output: -2842498
Output: -2830907
Output: -2815741
Output: -2796790
Output: -2773784
Output: -2746382
Output: -2714165
Output: -2676610
Output: -2633078
Output: -2582777
Output: -2524729
Output: -2457718
Output: -2380214
Output: -2290281
Output: -2185434
Output: -2062436
Output: -1917004
Output: -1743353
Output: -1533489
Output: -1276045
Output: -954313
Output: -542711
INFO: [SIM 211-200] Analyzing trace data
INFO: [SIM 211-208] Running Code Analyzer
WARNING: [SIM 211-207] Code Analyzer does not display the impact of the pipeline pragma in dataflow regions (C:\Users\ZachKrueger\Documents\AI\axis_distortion:0:0)
INFO: [SIM 211-210] Code Analyzer finished
INFO: [HLS 200-112] Total CPU user time: 1 seconds. Total CPU system time: 2 seconds. Total elapsed time: 16.939 seconds; peak allocated memory: 161.547 MB.
INFO: [vitis-run 60-791] Total elapsed time: 0h 0m 22s
