dfgPass::INFOR: DFG Pass going to run on Module: C:\Users\ZachKrueger\Documents\AI\axis_distortion\axis_distortion\hls\csim\code_analyzer\.internal\instrument\app_0\project.symbols.bc
dfgPass::INFOR:     Parsing the provided input trace files...
dfgPass::INFOR:     Initializing InstructionCounter...
dfgPass::VERBO:     +0 is not a loop
dfgPass::VERBO:     +0 is not a loop
dfgPass::VERBO:     +0 is not a loop
dfgPass::VERBO:     +0 is not a loop
dfgPass::VERBO:     +1 fails R.hasBlockSchema
dfgPass::VERBO:     +2 fails R.hasBlockSchema
dfgPass::VERBO:     +0 is not a loop
dfgPass::VERBO:     +0 is not a loop
dfgPass::VERBO:     +0 is not a loop
dfgPass::VERBO:     +0 is not a loop
dfgPass::VERBO:     +0 is not a loop
dfgPass::VERBO:     +0 is not a loop
dfgPass::VERBO:     +0 is not a loop
dfgPass::VERBO:     +0 is not a loop
dfgPass::VERBO:     +0 is not a loop
dfgPass::VERBO:     +0 is not a loop
dfgPass::VERBO:     _ZSt3absx is skipped for analysis (only accesses local vars)
dfgPass::VERBO:     +0 is not a loop
dfgPass::VERBO:     +0 is not a loop
dfgPass::VERBO:     +0 is not a loop
dfgPass::VERBO:     _ZStanSt13_Ios_FmtflagsS_ is skipped for analysis (only accesses local vars)
dfgPass::VERBO:     +0 is not a loop
dfgPass::VERBO:     +0 is not a loop
dfgPass::VERBO:     +0 is not a loop
dfgPass::VERBO:     +1 fails R.hasBlockSchema
dfgPass::VERBO:     +2 fails R.hasBlockSchema
dfgPass::VERBO:     +0 is not a loop
dfgPass::VERBO:     +0 is not a loop
dfgPass::VERBO:     +0 is not a loop
dfgPass::VERBO:     +0 is not a loop
dfgPass::VERBO:     +0 is not a loop
dfgPass::VERBO:     +0 is not a loop
dfgPass::VERBO:     +0 is not a loop
dfgPass::VERBO:     _ZN10ap_privateILi24ELb0ELb1EE7get_VALEv is skipped for analysis (only accesses local vars)
dfgPass::VERBO:     +0 is not a loop
dfgPass::VERBO:     +0 is not a loop
dfgPass::VERBO:     +0 is not a loop
dfgPass::VERBO:     +0 is not a loop
dfgPass::VERBO:     +0 is not a loop
dfgPass::VERBO:     +0 is not a loop
dfgPass::VERBO:     +0 is not a loop
dfgPass::VERBO:     +0 is not a loop
dfgPass::VERBO:     +0 is not a loop
dfgPass::VERBO:     +0 is not a loop
dfgPass::VERBO:     +0 is not a loop
dfgPass::VERBO:     +0 is not a loop
dfgPass::VERBO:     +0 is not a loop
dfgPass::VERBO:     +0 is not a loop
dfgPass::VERBO:     +0 is not a loop
dfgPass::VERBO:     _ZNK10ap_privateILi24ELb0ELb1EE10isNegativeEv is skipped for analysis (only accesses local vars)
dfgPass::VERBO:     +0 is not a loop
dfgPass::VERBO:     +0 is not a loop
dfgPass::VERBO:     +0 is not a loop
dfgPass::VERBO:     +0 is not a loop
dfgPass::VERBO:     +0 is not a loop
dfgPass::VERBO:     +0 is not a loop
dfgPass::VERBO:     _ZN10ap_privateILi24ELb0ELb1EE10set_canaryEv is skipped for analysis (only accesses local vars)
dfgPass::VERBO:     _ZN10ap_privateILi24ELb0ELb1EE12check_canaryEv is skipped for analysis (only accesses local vars)
dfgPass::VERBO:     +0 is not a loop
dfgPass::VERBO:     +0 is not a loop
dfgPass::VERBO:     +0 is not a loop
dfgPass::VERBO:     +0 is not a loop
dfgPass::VERBO:     +0 is not a loop
dfgPass::VERBO:     +0 is not a loop
dfgPass::VERBO:     _ZN10ap_privateILi33ELb1ELb1EE10set_canaryEv is skipped for analysis (only accesses local vars)
dfgPass::VERBO:     +0 is not a loop
dfgPass::VERBO:     _ZN10ap_privateILi33ELb1ELb1EE12check_canaryEv is skipped for analysis (only accesses local vars)
dfgPass::VERBO:     +0 is not a loop
dfgPass::VERBO:     _ZN10ap_privateILi32ELb1ELb1EE10set_canaryEv is skipped for analysis (only accesses local vars)
dfgPass::VERBO:     +0 is not a loop
dfgPass::VERBO:     _ZN10ap_privateILi32ELb1ELb1EE12check_canaryEv is skipped for analysis (only accesses local vars)
dfgPass::VERBO:     +0 is not a loop
dfgPass::VERBO:     +0 is not a loop
dfgPass::VERBO:     +0 is not a loop
dfgPass::VERBO:     +0 is not a loop
dfgPass::VERBO:     +0 is not a loop
dfgPass::VERBO:     +0 is not a loop
dfgPass::VERBO:     +0 is not a loop
dfgPass::VERBO:     _ZN10ap_privateILi6ELb0ELb1EE10set_canaryEv is skipped for analysis (only accesses local vars)
dfgPass::VERBO:     +0 is not a loop
dfgPass::VERBO:     _ZN10ap_privateILi6ELb0ELb1EE12check_canaryEv is skipped for analysis (only accesses local vars)
dfgPass::VERBO:     +0 is not a loop
dfgPass::VERBO:     +0 is not a loop
dfgPass::VERBO:     +0 is not a loop
dfgPass::VERBO:     _ZN10ap_privateILi24ELb1ELb1EE10set_canaryEv is skipped for analysis (only accesses local vars)
dfgPass::VERBO:     +0 is not a loop
dfgPass::VERBO:     _ZN10ap_privateILi24ELb1ELb1EE12check_canaryEv is skipped for analysis (only accesses local vars)
dfgPass::VERBO:     +0 is not a loop
dfgPass::VERBO:     +0 is not a loop
dfgPass::VERBO:     +0 is not a loop
dfgPass::VERBO:     +0 is not a loop
dfgPass::VERBO:     +0 is not a loop
dfgPass::VERBO:     +0 is not a loop
dfgPass::VERBO:     +0 is not a loop
dfgPass::VERBO:     +0 is not a loop
dfgPass::VERBO:     +0 is not a loop
dfgPass::VERBO:     +0 is not a loop
dfgPass::VERBO:     +0 is not a loop
dfgPass::VERBO:     +0 is not a loop
dfgPass::VERBO:     +0 is not a loop
dfgPass::VERBO:     +0 is not a loop
dfgPass::VERBO:     _Z15doubleToRawBitsd is skipped for analysis (only accesses local vars)
dfgPass::VERBO:     +0 is not a loop
dfgPass::VERBO:     +0 is not a loop
dfgPass::VERBO:     +0 is not a loop
dfgPass::VERBO:     +0 is not a loop
dfgPass::VERBO:     +0 is not a loop
dfgPass::VERBO:     +0 is not a loop
dfgPass::VERBO:     +0 is not a loop
dfgPass::VERBO:     +0 is not a loop
dfgPass::VERBO:     +0 is not a loop
dfgPass::VERBO:     +0 is not a loop
dfgPass::VERBO:     +0 is not a loop
dfgPass::VERBO:     +0 is not a loop
dfgPass::VERBO:     +0 is not a loop
dfgPass::VERBO:     +0 is not a loop
dfgPass::VERBO:     +0 is not a loop
dfgPass::VERBO:     +0 is not a loop
dfgPass::VERBO:     +0 is not a loop
dfgPass::VERBO:     +0 is not a loop
dfgPass::VERBO:     +0 is not a loop
dfgPass::VERBO:     +0 is not a loop
dfgPass::VERBO:     +0 is not a loop
dfgPass::VERBO:     +0 is not a loop
dfgPass::VERBO:     +0 is not a loop
dfgPass::VERBO:     +0 is not a loop
dfgPass::VERBO:     +0 is not a loop
dfgPass::VERBO:     +0 is not a loop
dfgPass::VERBO:     +0 is not a loop
dfgPass::VERBO:     +0 is not a loop
dfgPass::VERBO:     +0 is not a loop
dfgPass::VERBO:     +0 is not a loop
dfgPass::VERBO:     +0 is not a loop
dfgPass::VERBO:     +0 is not a loop
dfgPass::VERBO:     +0 is not a loop
dfgPass::VERBO:     +0 is not a loop
dfgPass::VERBO:     +0 is not a loop
dfgPass::VERBO:     +0 is not a loop
dfgPass::VERBO:     +0 is not a loop
dfgPass::VERBO:     +0 is not a loop
dfgPass::VERBO:     +0 is not a loop
dfgPass::VERBO:     +0 is not a loop
dfgPass::VERBO:     +0 is not a loop
dfgPass::VERBO:     _ZN10ap_privateILi26ELb1ELb1EE10set_canaryEv is skipped for analysis (only accesses local vars)
dfgPass::VERBO:     +0 is not a loop
dfgPass::VERBO:     _ZN10ap_privateILi26ELb1ELb1EE12check_canaryEv is skipped for analysis (only accesses local vars)
dfgPass::VERBO:     +0 is not a loop
dfgPass::VERBO:     +0 is not a loop
dfgPass::VERBO:     +0 is not a loop
dfgPass::VERBO:     +0 is not a loop
dfgPass::VERBO:     _ZN10ap_privateILi25ELb1ELb1EE10set_canaryEv is skipped for analysis (only accesses local vars)
dfgPass::VERBO:     _ZN10ap_privateILi25ELb1ELb1EE12check_canaryEv is skipped for analysis (only accesses local vars)
dfgPass::VERBO:     +0 is not a loop
dfgPass::VERBO:     +0 is not a loop
dfgPass::VERBO:     +0 is not a loop
dfgPass::VERBO:     +0 is not a loop
dfgPass::VERBO:     +0 is not a loop
dfgPass::VERBO:     +0 is not a loop
dfgPass::VERBO:     +0 is not a loop
dfgPass::VERBO:     +0 is not a loop
dfgPass::VERBO:     +0 is not a loop
dfgPass::VERBO:     +0 is not a loop
dfgPass::VERBO:     +0 is not a loop
dfgPass::VERBO:     +0 is not a loop
dfgPass::VERBO:     +0 is not a loop
dfgPass::VERBO:     +0 is not a loop
dfgPass::VERBO:     +0 is not a loop
dfgPass::VERBO:     _ZN10ap_privateILi1ELb0ELb1EE10set_canaryEv is skipped for analysis (only accesses local vars)
dfgPass::VERBO:     +0 is not a loop
dfgPass::VERBO:     _ZN10ap_privateILi1ELb0ELb1EE12check_canaryEv is skipped for analysis (only accesses local vars)
dfgPass::VERBO:     +0 is not a loop
dfgPass::VERBO:     +0 is not a loop
dfgPass::VERBO:     +0 is not a loop
dfgPass::VERBO:     +0 is not a loop
dfgPass::VERBO:     +0 is not a loop
dfgPass::VERBO:     +0 is not a loop
dfgPass::VERBO:     +0 is not a loop
dfgPass::VERBO:     +0 is not a loop
dfgPass::VERBO:     +0 is not a loop
dfgPass::VERBO:     +0 is not a loop
dfgPass::VERBO:     +0 is not a loop
dfgPass::VERBO:     _ZN10ap_privateILi54ELb1ELb1EE10set_canaryEv is skipped for analysis (only accesses local vars)
dfgPass::VERBO:     +0 is not a loop
dfgPass::VERBO:     _ZN10ap_privateILi54ELb1ELb1EE12check_canaryEv is skipped for analysis (only accesses local vars)
dfgPass::VERBO:     +0 is not a loop
dfgPass::VERBO:     +0 is not a loop
dfgPass::VERBO:     +0 is not a loop
dfgPass::VERBO:     +0 is not a loop
dfgPass::VERBO:     +0 is not a loop
dfgPass::VERBO:     +0 is not a loop
dfgPass::VERBO:     +0 is not a loop
dfgPass::VERBO:     +0 is not a loop
dfgPass::VERBO:     +0 is not a loop
dfgPass::VERBO:     +0 is not a loop
dfgPass::VERBO:     _ZN10ap_privateILi64ELb0ELb1EE7get_VALEv is skipped for analysis (only accesses local vars)
dfgPass::VERBO:     +0 is not a loop
dfgPass::VERBO:     +0 is not a loop
dfgPass::VERBO:     _ZN10ap_privateILi64ELb0ELb1EE10set_canaryEv is skipped for analysis (only accesses local vars)
dfgPass::VERBO:     _ZN10ap_privateILi64ELb0ELb1EE12check_canaryEv is skipped for analysis (only accesses local vars)
dfgPass::VERBO:     +0 is not a loop
dfgPass::VERBO:     +0 is not a loop
dfgPass::VERBO:     +0 is not a loop
dfgPass::VERBO:     +0 is not a loop
dfgPass::VERBO:     +0 is not a loop
dfgPass::VERBO:     +0 is not a loop
dfgPass::VERBO:     +0 is not a loop
dfgPass::VERBO:     +0 is not a loop
dfgPass::VERBO:     +0 is not a loop
dfgPass::VERBO:     +0 is not a loop
dfgPass::VERBO:     +0 is not a loop
dfgPass::VERBO:     +0 is not a loop
dfgPass::VERBO:     _ZN10ap_privateILi54ELb0ELb1EE7get_VALEv is skipped for analysis (only accesses local vars)
dfgPass::VERBO:     +0 is not a loop
dfgPass::VERBO:     _ZN10ap_privateILi54ELb0ELb1EE10set_canaryEv is skipped for analysis (only accesses local vars)
dfgPass::VERBO:     +0 is not a loop
dfgPass::VERBO:     _ZN10ap_privateILi54ELb0ELb1EE12check_canaryEv is skipped for analysis (only accesses local vars)
dfgPass::VERBO:     +0 is not a loop
dfgPass::VERBO:     +0 is not a loop
dfgPass::VERBO:     +0 is not a loop
dfgPass::VERBO:     +0 is not a loop
dfgPass::VERBO:     +0 is not a loop
dfgPass::VERBO:     +0 is not a loop
dfgPass::VERBO:     +0 is not a loop
dfgPass::VERBO:     +0 is not a loop
dfgPass::VERBO:     _ZN10ap_privateILi32ELb0ELb1EE7get_VALEv is skipped for analysis (only accesses local vars)
dfgPass::VERBO:     +0 is not a loop
dfgPass::VERBO:     +0 is not a loop
dfgPass::VERBO:     _ZN10ap_privateILi32ELb0ELb1EE10set_canaryEv is skipped for analysis (only accesses local vars)
dfgPass::VERBO:     +0 is not a loop
dfgPass::VERBO:     _ZN10ap_privateILi32ELb0ELb1EE12check_canaryEv is skipped for analysis (only accesses local vars)
dfgPass::VERBO:     +0 is not a loop
dfgPass::VERBO:     +0 is not a loop
dfgPass::VERBO:     +0 is not a loop
dfgPass::VERBO:     +0 is not a loop
dfgPass::VERBO:     +0 is not a loop
dfgPass::VERBO:     +0 is not a loop
dfgPass::VERBO:     _ZN10ap_privateILi8ELb0ELb1EE10set_canaryEv is skipped for analysis (only accesses local vars)
dfgPass::VERBO:     _ZN10ap_privateILi8ELb0ELb1EE12check_canaryEv is skipped for analysis (only accesses local vars)
dfgPass::VERBO:     +0 is not a loop
dfgPass::VERBO:     +0 is not a loop
dfgPass::VERBO:     +0 is not a loop
dfgPass::VERBO:     +0 is not a loop
dfgPass::VERBO:     +0 is not a loop
dfgPass::VERBO:     +1 fails R.hasBlockSchema
dfgPass::VERBO:     +0 is not a loop
dfgPass::VERBO:     +0 is not a loop
dfgPass::VERBO:     +0 is not a loop
dfgPass::VERBO:     +0 is not a loop
dfgPass::VERBO:     +0 is not a loop
dfgPass::VERBO:     +0 is not a loop
dfgPass::VERBO:     +0 is not a loop
dfgPass::VERBO:     +0 is not a loop
dfgPass::VERBO:     +0 is not a loop
dfgPass::VERBO:     +0 is not a loop
dfgPass::VERBO:     _ZNK10ap_privateILi64ELb0ELb1EE10isNegativeEv is skipped for analysis (only accesses local vars)
dfgPass::VERBO:     +0 is not a loop
dfgPass::VERBO:     +0 is not a loop
dfgPass::VERBO:     +0 is not a loop
dfgPass::VERBO:     +0 is not a loop
dfgPass::VERBO:     +0 is not a loop
dfgPass::VERBO:     +0 is not a loop
dfgPass::VERBO:     +0 is not a loop
dfgPass::VERBO:     +0 is not a loop
dfgPass::VERBO:     +0 is not a loop
dfgPass::VERBO:     +0 is not a loop
dfgPass::VERBO:     +0 is not a loop
dfgPass::VERBO:     +0 is not a loop
dfgPass::VERBO:     +0 is not a loop
dfgPass::VERBO:     +0 is not a loop
dfgPass::VERBO:     +0 is not a loop
dfgPass::VERBO:     +0 is not a loop
dfgPass::VERBO:     +0 is not a loop
dfgPass::VERBO:     +0 is not a loop
dfgPass::VERBO:     +0 is not a loop
dfgPass::VERBO:     +0 is not a loop
dfgPass::VERBO:     _ZN10ap_privateILi14ELb1ELb1EE10set_canaryEv is skipped for analysis (only accesses local vars)
dfgPass::VERBO:     +0 is not a loop
dfgPass::VERBO:     _ZN10ap_privateILi14ELb1ELb1EE12check_canaryEv is skipped for analysis (only accesses local vars)
dfgPass::VERBO:     +0 is not a loop
dfgPass::VERBO:     +0 is not a loop
dfgPass::VERBO:     +0 is not a loop
dfgPass::VERBO:     +0 is not a loop
dfgPass::VERBO:     _ZN10ap_privateILi13ELb1ELb1EE10set_canaryEv is skipped for analysis (only accesses local vars)
dfgPass::VERBO:     _ZN10ap_privateILi13ELb1ELb1EE12check_canaryEv is skipped for analysis (only accesses local vars)
dfgPass::VERBO:     +0 is not a loop
dfgPass::VERBO:     +0 is not a loop
dfgPass::VERBO:     +0 is not a loop
dfgPass::VERBO:     +0 is not a loop
dfgPass::VERBO:     +0 is not a loop
dfgPass::VERBO:     +0 is not a loop
dfgPass::VERBO:     +0 is not a loop
dfgPass::VERBO:     +0 is not a loop
dfgPass::VERBO:     +0 is not a loop
dfgPass::VERBO:     +0 is not a loop
dfgPass::VERBO:     +0 is not a loop
dfgPass::VERBO:     +0 is not a loop
dfgPass::VERBO:     _ZN10ap_privateILi12ELb1ELb1EE10set_canaryEv is skipped for analysis (only accesses local vars)
dfgPass::VERBO:     _ZN10ap_privateILi12ELb1ELb1EE12check_canaryEv is skipped for analysis (only accesses local vars)
dfgPass::VERBO:     +0 is not a loop
dfgPass::VERBO:     +0 is not a loop
dfgPass::VERBO:     +0 is not a loop
dfgPass::VERBO:     +0 is not a loop
dfgPass::VERBO:     +0 is not a loop
dfgPass::VERBO:     +0 is not a loop
dfgPass::VERBO:     +0 is not a loop
dfgPass::VERBO:     +0 is not a loop
dfgPass::VERBO:     +0 is not a loop
dfgPass::VERBO:     +0 is not a loop
dfgPass::VERBO:     +0 is not a loop
dfgPass::VERBO:     +0 is not a loop
dfgPass::VERBO:     +0 is not a loop
dfgPass::VERBO:     +0 is not a loop
dfgPass::VERBO:     +0 is not a loop
dfgPass::VERBO:     +0 is not a loop
dfgPass::VERBO:     +0 is not a loop
dfgPass::VERBO:     +0 is not a loop
dfgPass::VERBO:     +0 is not a loop
dfgPass::VERBO:     +0 is not a loop
dfgPass::VERBO:     +1 fails R.hasBlockSchema
dfgPass::VERBO:     +2 fails R.hasBlockSchema
dfgPass::VERBO:     +0 is not a loop
dfgPass::VERBO:     +0 is not a loop
dfgPass::VERBO:     +0 is not a loop
dfgPass::VERBO:     _ZN11ap_int_baseILi24ELb1EE18checkOverflowBaseCIiEEvT_ is skipped for analysis (only accesses local vars)
dfgPass::VERBO:     +0 is not a loop
dfgPass::VERBO:     +0 is not a loop
dfgPass::VERBO:     +0 is not a loop
dfgPass::VERBO:     +0 is not a loop
dfgPass::VERBO:     +0 is not a loop
dfgPass::VERBO:     +1 fails R.hasBlockSchema
dfgPass::VERBO:     +2 fails R.hasBlockSchema
dfgPass::VERBO:     +0 is not a loop
dfgPass::VERBO:     +0 is not a loop
dfgPass::VERBO:     +0 is not a loop
dfgPass::VERBO:     +0 is not a loop
dfgPass::VERBO:     +0 is not a loop
dfgPass::VERBO:     +0 is not a loop
dfgPass::VERBO:     +0 is not a loop
dfgPass::VERBO:     +0 is not a loop
dfgPass::VERBO:     +0 is not a loop
dfgPass::VERBO:     +0 is not a loop
dfgPass::VERBO:     +0 is not a loop
dfgPass::VERBO:     +0 is not a loop
dfgPass::VERBO:     +0 is not a loop
dfgPass::VERBO:     +0 is not a loop
dfgPass::VERBO:     +0 is not a loop
dfgPass::VERBO:     _Z14floatToRawBitsf is skipped for analysis (only accesses local vars)
dfgPass::VERBO:     +0 is not a loop
dfgPass::VERBO:     +0 is not a loop
dfgPass::VERBO:     +0 is not a loop
dfgPass::VERBO:     +0 is not a loop
dfgPass::VERBO:     +0 is not a loop
dfgPass::VERBO:     +0 is not a loop
dfgPass::VERBO:     +0 is not a loop
dfgPass::VERBO:     +0 is not a loop
dfgPass::VERBO:     +0 is not a loop
dfgPass::VERBO:     +0 is not a loop
dfgPass::VERBO:     +0 is not a loop
dfgPass::VERBO:     +0 is not a loop
dfgPass::VERBO:     +0 is not a loop
dfgPass::VERBO:     +0 is not a loop
dfgPass::VERBO:     +0 is not a loop
dfgPass::VERBO:     +0 is not a loop
dfgPass::VERBO:     +0 is not a loop
dfgPass::VERBO:     +0 is not a loop
dfgPass::VERBO:     +0 is not a loop
dfgPass::VERBO:     +0 is not a loop
dfgPass::VERBO:     +0 is not a loop
dfgPass::VERBO:     +0 is not a loop
dfgPass::VERBO:     +0 is not a loop
dfgPass::VERBO:     +0 is not a loop
dfgPass::VERBO:     +0 is not a loop
dfgPass::VERBO:     +0 is not a loop
dfgPass::VERBO:     +0 is not a loop
dfgPass::VERBO:     +0 is not a loop
dfgPass::VERBO:     +0 is not a loop
dfgPass::VERBO:     +0 is not a loop
dfgPass::VERBO:     +0 is not a loop
dfgPass::VERBO:     +0 is not a loop
dfgPass::VERBO:     +0 is not a loop
dfgPass::VERBO:     +0 is not a loop
dfgPass::VERBO:     +0 is not a loop
dfgPass::VERBO:     +0 is not a loop
dfgPass::VERBO:     +0 is not a loop
dfgPass::VERBO:     +0 is not a loop
dfgPass::VERBO:     +0 is not a loop
dfgPass::VERBO:     +0 is not a loop
dfgPass::VERBO:     +0 is not a loop
dfgPass::VERBO:     +0 is not a loop
dfgPass::VERBO:     +0 is not a loop
dfgPass::VERBO:     +0 is not a loop
dfgPass::VERBO:     +0 is not a loop
dfgPass::VERBO:     +0 is not a loop
dfgPass::VERBO:     +0 is not a loop
dfgPass::VERBO:     +0 is not a loop
dfgPass::VERBO:     +0 is not a loop
dfgPass::VERBO:     +0 is not a loop
dfgPass::VERBO:     +1 fails R.hasBlockSchema
dfgPass::VERBO:     +0 is not a loop
dfgPass::VERBO:     +0 is not a loop
dfgPass::VERBO:     +0 is not a loop
dfgPass::VERBO:     +0 is not a loop
dfgPass::VERBO:     +0 is not a loop
dfgPass::VERBO:     +0 is not a loop
dfgPass::VERBO:     +0 is not a loop
dfgPass::VERBO:     +0 is not a loop
dfgPass::VERBO:     +0 is not a loop
dfgPass::VERBO:     +0 is not a loop
dfgPass::VERBO:     _ZNK10ap_privateILi32ELb0ELb1EE10isNegativeEv is skipped for analysis (only accesses local vars)
dfgPass::VERBO:     +0 is not a loop
dfgPass::VERBO:     +0 is not a loop
dfgPass::VERBO:     +0 is not a loop
dfgPass::VERBO:     +0 is not a loop
dfgPass::VERBO:     +0 is not a loop
dfgPass::VERBO:     +0 is not a loop
dfgPass::VERBO:     +0 is not a loop
dfgPass::VERBO:     +0 is not a loop
dfgPass::VERBO:     +0 is not a loop
dfgPass::VERBO:     +0 is not a loop
dfgPass::VERBO:     +0 is not a loop
dfgPass::VERBO:     +0 is not a loop
dfgPass::VERBO:     +0 is not a loop
dfgPass::VERBO:     +0 is not a loop
dfgPass::VERBO:     +0 is not a loop
dfgPass::VERBO:     +0 is not a loop
dfgPass::VERBO:     +0 is not a loop
dfgPass::VERBO:     _ZN10ap_privateILi34ELb1ELb1EE10set_canaryEv is skipped for analysis (only accesses local vars)
dfgPass::VERBO:     +0 is not a loop
dfgPass::VERBO:     _ZN10ap_privateILi34ELb1ELb1EE12check_canaryEv is skipped for analysis (only accesses local vars)
dfgPass::VERBO:     +0 is not a loop
dfgPass::VERBO:     +0 is not a loop
dfgPass::VERBO:     +0 is not a loop
dfgPass::VERBO:     +0 is not a loop
dfgPass::VERBO:     +0 is not a loop
dfgPass::VERBO:     +0 is not a loop
dfgPass::VERBO:     +0 is not a loop
dfgPass::VERBO:     +0 is not a loop
dfgPass::VERBO:     +0 is not a loop
dfgPass::VERBO:     +0 is not a loop
dfgPass::VERBO:     +0 is not a loop
dfgPass::VERBO:     +0 is not a loop
dfgPass::VERBO:     +0 is not a loop
dfgPass::VERBO:     +0 is not a loop
dfgPass::VERBO:     +0 is not a loop
dfgPass::VERBO:     +0 is not a loop
dfgPass::VERBO:     +0 is not a loop
dfgPass::VERBO:     +0 is not a loop
dfgPass::VERBO:     +0 is not a loop
dfgPass::VERBO:     +0 is not a loop
dfgPass::VERBO:     +0 is not a loop
dfgPass::VERBO:     +0 is not a loop
dfgPass::VERBO:     +0 is not a loop
dfgPass::VERBO:     _ZN10ap_privateILi9ELb1ELb1EE10set_canaryEv is skipped for analysis (only accesses local vars)
dfgPass::VERBO:     _ZN10ap_privateILi9ELb1ELb1EE12check_canaryEv is skipped for analysis (only accesses local vars)
dfgPass::VERBO:     +0 is not a loop
dfgPass::VERBO:     +0 is not a loop
dfgPass::VERBO:     +0 is not a loop
dfgPass::VERBO:     +0 is not a loop
dfgPass::VERBO:     +0 is not a loop
dfgPass::VERBO:     +0 is not a loop
dfgPass::VERBO:     +0 is not a loop
dfgPass::VERBO:     +0 is not a loop
dfgPass::VERBO:     +0 is not a loop
dfgPass::VERBO:     +0 is not a loop
dfgPass::VERBO:     +0 is not a loop
dfgPass::VERBO:     +0 is not a loop
dfgPass::VERBO:     +0 is not a loop
dfgPass::VERBO:     +0 is not a loop
dfgPass::VERBO:     +0 is not a loop
dfgPass::VERBO:     +0 is not a loop
dfgPass::VERBO:     +0 is not a loop
dfgPass::VERBO:     +0 is not a loop
dfgPass::VERBO:     +0 is not a loop
dfgPass::VERBO:     +1 fails R.hasBlockSchema
dfgPass::VERBO:     +0 is not a loop
dfgPass::VERBO:     +0 is not a loop
dfgPass::VERBO:     +0 is not a loop
dfgPass::VERBO:     +0 is not a loop
dfgPass::VERBO:     +0 is not a loop
dfgPass::VERBO:       - BEFORE BREAK
dfgPass::VERBO:       - for.cond9
dfgPass::VERBO:         - memlocal of :i:0
dfgPass::VERBO:         - LCV conditional branch 6:48
dfgPass::VERBO:       - AFTER BREAK
dfgPass::VERBO:       - for.body11
dfgPass::VERBO:         - memlocal of :delay_line:0
dfgPass::VERBO:         - memlocal of :i:0
dfgPass::VERBO:         - memlocal of :coeffs:0
dfgPass::VERBO:         - memlocal of :i:0
dfgPass::VERBO:         - invalid TR:4:0
dfgPass::VERBO:       - BEFORE BREAK
dfgPass::VERBO:       - for.cond
dfgPass::VERBO:         - memlocal of :i:0
dfgPass::VERBO:         - LCV conditional branch 6:48
dfgPass::VERBO:       - AFTER BREAK
dfgPass::VERBO:       - for.body
dfgPass::VERBO:         - memlocal of :delay_line:0
dfgPass::VERBO:         - memlocal of :i:0
dfgPass::VERBO:         - memlocal of :delay_line:0
dfgPass::VERBO:         - memlocal of :i:0
dfgPass::VERBO:         - invalid TR:4:0
dfgPass::VERBO:     +0 is not a loop
dfgPass::VERBO:     +0 is not a loop
dfgPass::VERBO:     +0 is not a loop
dfgPass::VERBO:     +0 is not a loop
dfgPass::VERBO:     +0 is not a loop
dfgPass::VERBO:     +0 is not a loop
dfgPass::VERBO:     +0 is not a loop
dfgPass::VERBO:     +0 is not a loop
dfgPass::VERBO:     +0 is not a loop
dfgPass::VERBO:     +0 is not a loop
dfgPass::VERBO:     +0 is not a loop
dfgPass::VERBO:     +0 is not a loop
dfgPass::VERBO:     +0 is not a loop
dfgPass::VERBO:     +0 is not a loop
dfgPass::VERBO:     +0 is not a loop
dfgPass::VERBO:     +0 is not a loop
dfgPass::VERBO:     +0 is not a loop
dfgPass::VERBO:     +0 is not a loop
dfgPass::VERBO:     +0 is not a loop
dfgPass::VERBO:     +0 is not a loop
dfgPass::VERBO:     +0 is not a loop
dfgPass::VERBO:     +0 is not a loop
dfgPass::VERBO:     +0 is not a loop
dfgPass::VERBO:     +0 is not a loop
dfgPass::VERBO:     +0 is not a loop
dfgPass::VERBO:     +0 is not a loop
dfgPass::VERBO:     +0 is not a loop
dfgPass::VERBO:     +0 is not a loop
dfgPass::VERBO:     +0 is not a loop
dfgPass::VERBO:     +0 is not a loop
dfgPass::VERBO:     +0 is not a loop
dfgPass::VERBO:     _ZN10ap_privateILi40ELb0ELb1EE7get_VALEv is skipped for analysis (only accesses local vars)
dfgPass::VERBO:     +0 is not a loop
dfgPass::VERBO:     _ZN10ap_privateILi40ELb0ELb1EE10set_canaryEv is skipped for analysis (only accesses local vars)
dfgPass::VERBO:     _ZN10ap_privateILi40ELb0ELb1EE12check_canaryEv is skipped for analysis (only accesses local vars)
dfgPass::VERBO:     +0 is not a loop
dfgPass::VERBO:     +0 is not a loop
dfgPass::VERBO:     +1 fails R.hasBlockSchema
dfgPass::VERBO:     +0 is not a loop
dfgPass::VERBO:     +0 is not a loop
dfgPass::VERBO:     +0 is not a loop
dfgPass::VERBO:     +0 is not a loop
dfgPass::VERBO:     +0 is not a loop
dfgPass::VERBO:     +0 is not a loop
dfgPass::VERBO:     +0 is not a loop
dfgPass::VERBO:     +0 is not a loop
dfgPass::VERBO:     +0 is not a loop
dfgPass::VERBO:     +0 is not a loop
dfgPass::VERBO:     +0 is not a loop
dfgPass::VERBO:     +0 is not a loop
dfgPass::VERBO:     _ZNK10ap_privateILi40ELb0ELb1EE10isNegativeEv is skipped for analysis (only accesses local vars)
dfgPass::VERBO:     +0 is not a loop
dfgPass::VERBO:     +0 is not a loop
dfgPass::VERBO:     +0 is not a loop
dfgPass::VERBO:     +0 is not a loop
dfgPass::VERBO:     +0 is not a loop
dfgPass::VERBO:     +0 is not a loop
dfgPass::VERBO:     +0 is not a loop
dfgPass::VERBO:     +0 is not a loop
dfgPass::VERBO:     +0 is not a loop
dfgPass::VERBO:     +0 is not a loop
dfgPass::VERBO:     +0 is not a loop
dfgPass::VERBO:     +0 is not a loop
dfgPass::VERBO:     +0 is not a loop
dfgPass::VERBO:     +0 is not a loop
dfgPass::VERBO:     +0 is not a loop
dfgPass::VERBO:     _ZN10ap_privateILi28ELb1ELb1EE10set_canaryEv is skipped for analysis (only accesses local vars)
dfgPass::VERBO:     _ZN10ap_privateILi28ELb1ELb1EE12check_canaryEv is skipped for analysis (only accesses local vars)
dfgPass::VERBO:     +0 is not a loop
dfgPass::VERBO:     +0 is not a loop
dfgPass::VERBO:     +0 is not a loop
dfgPass::VERBO:     +0 is not a loop
dfgPass::VERBO:     +0 is not a loop
dfgPass::VERBO:     +0 is not a loop
dfgPass::VERBO:     +0 is not a loop
dfgPass::VERBO:     +0 is not a loop
dfgPass::VERBO:     +0 is not a loop
dfgPass::VERBO:     +0 is not a loop
dfgPass::VERBO:     +0 is not a loop
dfgPass::VERBO:     +0 is not a loop
dfgPass::VERBO:     +0 is not a loop
dfgPass::VERBO:     +0 is not a loop
dfgPass::VERBO:     +0 is not a loop
dfgPass::VERBO:     +0 is not a loop
dfgPass::VERBO:     +0 is not a loop
dfgPass::VERBO:     +0 is not a loop
dfgPass::VERBO:     +0 is not a loop
dfgPass::VERBO:     +0 is not a loop
dfgPass::VERBO:     +0 is not a loop
dfgPass::VERBO:     +0 is not a loop
dfgPass::VERBO:     +0 is not a loop
dfgPass::VERBO:     +0 is not a loop
dfgPass::VERBO:     +0 is not a loop
dfgPass::VERBO:     +0 is not a loop
dfgPass::VERBO:     +0 is not a loop
dfgPass::VERBO:     +0 is not a loop
dfgPass::VERBO:     +0 is not a loop
dfgPass::VERBO:     _ZN10ap_privateILi40ELb1ELb1EE10set_canaryEv is skipped for analysis (only accesses local vars)
dfgPass::VERBO:     _ZN10ap_privateILi40ELb1ELb1EE12check_canaryEv is skipped for analysis (only accesses local vars)
dfgPass::VERBO:     +0 is not a loop
dfgPass::VERBO:     +0 is not a loop
dfgPass::VERBO:     +0 is not a loop
dfgPass::VERBO:     +0 is not a loop
dfgPass::VERBO:     +0 is not a loop
dfgPass::VERBO:     +0 is not a loop
dfgPass::VERBO:     +0 is not a loop
dfgPass::VERBO:     +0 is not a loop
dfgPass::VERBO:     +0 is not a loop
dfgPass::VERBO:     +0 is not a loop
dfgPass::VERBO:     +0 is not a loop
dfgPass::VERBO:     +0 is not a loop
dfgPass::VERBO:     _ZN13ap_fixed_baseILi24ELi24ELb1EL9ap_q_mode5EL9ap_o_mode3ELi0EE6reportEv is skipped for analysis (only accesses local vars)
dfgPass::VERBO:     +0 is not a loop
dfgPass::VERBO:     +0 is not a loop
dfgPass::VERBO:     +0 is not a loop
dfgPass::VERBO:     +0 is not a loop
dfgPass::VERBO:     +0 is not a loop
dfgPass::VERBO:     +0 is not a loop
dfgPass::VERBO:     +0 is not a loop
dfgPass::VERBO:     +0 is not a loop
dfgPass::VERBO:     +0 is not a loop
dfgPass::VERBO:     +0 is not a loop
dfgPass::VERBO:     +1 fails R.hasBlockSchema
dfgPass::VERBO:     +2 fails R.hasBlockSchema
dfgPass::VERBO:     +3 fails R.hasBlockSchema
dfgPass::VERBO:     +0 is not a loop
dfgPass::VERBO:     +0 is not a loop
dfgPass::VERBO:     +0 is not a loop
dfgPass::VERBO:     +0 is not a loop
dfgPass::VERBO:     +0 is not a loop
dfgPass::VERBO:     +0 is not a loop
dfgPass::VERBO:     +0 is not a loop
dfgPass::VERBO:     +0 is not a loop
dfgPass::VERBO:     +0 is not a loop
dfgPass::VERBO:     +0 is not a loop
dfgPass::VERBO:     +0 is not a loop
dfgPass::VERBO:     +0 is not a loop
dfgPass::VERBO:     +0 is not a loop
dfgPass::VERBO:     +0 is not a loop
dfgPass::VERBO:     +0 is not a loop
dfgPass::VERBO:     +0 is not a loop
dfgPass::VERBO:     +0 is not a loop
dfgPass::VERBO:     +0 is not a loop
dfgPass::VERBO:     +0 is not a loop
dfgPass::VERBO:     _ZN13ap_fixed_baseILi16ELi4ELb1EL9ap_q_mode5EL9ap_o_mode3ELi0EE6reportEv is skipped for analysis (only accesses local vars)
dfgPass::VERBO:     +0 is not a loop
dfgPass::VERBO:     +0 is not a loop
dfgPass::VERBO:     +0 is not a loop
dfgPass::VERBO:     +0 is not a loop
dfgPass::VERBO:     +0 is not a loop
dfgPass::VERBO:     +0 is not a loop
dfgPass::VERBO:     +0 is not a loop
dfgPass::VERBO:     _ZN10ap_privateILi16ELb1ELb1EE10set_canaryEv is skipped for analysis (only accesses local vars)
dfgPass::VERBO:     _ZN10ap_privateILi16ELb1ELb1EE12check_canaryEv is skipped for analysis (only accesses local vars)
dfgPass::VERBO:     +0 is not a loop
dfgPass::VERBO:     +0 is not a loop
dfgPass::VERBO:     +0 is not a loop
dfgPass::VERBO:     +0 is not a loop
dfgPass::VERBO:     +0 is not a loop
dfgPass::VERBO:     +0 is not a loop
dfgPass::VERBO:     +0 is not a loop
dfgPass::VERBO:     +0 is not a loop
dfgPass::VERBO:     +0 is not a loop
dfgPass::VERBO:     +1 fails R.hasBlockSchema
dfgPass::VERBO:     +0 is not a loop
dfgPass::VERBO:     +0 is not a loop
dfgPass::VERBO:     _ZN10ap_privateILi65ELb0ELb0EE8get_pValEi is skipped for analysis (only accesses local vars)
dfgPass::VERBO:     _ZN10ap_privateILi65ELb0ELb0EE9whichWordEj is skipped for analysis (only accesses local vars)
dfgPass::VERBO:     +0 is not a loop
dfgPass::VERBO:     +1 fails R.hasBlockSchema
dfgPass::VERBO:     +0 is not a loop
dfgPass::VERBO:     +0 is not a loop
dfgPass::VERBO:       - BEFORE BREAK
dfgPass::VERBO:       - for.cond
dfgPass::VERBO:         - memlocal of :i:0
dfgPass::VERBO:         - LCV conditional branch 6:48
dfgPass::VERBO:       - AFTER BREAK
dfgPass::VERBO:       - for.body
dfgPass::VERBO:         - memlocal of :i:0
dfgPass::VERBO:       - AFTER BREAK
dfgPass::VERBO:       - for.inc
dfgPass::VERBO:         - memlocal of :i:0
dfgPass::VERBO:         - memlocal of :i:1
dfgPass::VERBO:       - AFTER BREAK
dfgPass::VERBO:       - BEFORE BREAK
dfgPass::VERBO:       - for.cond11
dfgPass::VERBO:         - memlocal of :i:0
dfgPass::VERBO:         - LCV conditional branch 6:48
dfgPass::VERBO:       - AFTER BREAK
dfgPass::VERBO:       - for.body13
dfgPass::VERBO:         - memlocal of :i:0
dfgPass::VERBO:       - AFTER BREAK
dfgPass::VERBO:       - for.inc17
dfgPass::VERBO:         - memlocal of :i:0
dfgPass::VERBO:         - memlocal of :i:1
dfgPass::VERBO:       - AFTER BREAK
dfgPass::VERBO:     _ZN10ap_privateILi65ELb0ELb0EE10set_canaryEv is skipped for analysis (only accesses local vars)
dfgPass::VERBO:     +0 is not a loop
dfgPass::VERBO:     _ZN10ap_privateILi65ELb0ELb0EE12check_canaryEv is skipped for analysis (only accesses local vars)
dfgPass::VERBO:     +0 is not a loop
dfgPass::VERBO:     +0 is not a loop
dfgPass::VERBO:     +0 is not a loop
dfgPass::VERBO:       - BEFORE BREAK
dfgPass::VERBO:       - for.cond
dfgPass::VERBO:         - memlocal of :i:0
dfgPass::VERBO:         - LCV conditional branch 6:48
dfgPass::VERBO:       - AFTER BREAK
dfgPass::VERBO:       - for.body
dfgPass::VERBO:         - memlocal of :that:0
dfgPass::VERBO:         - memlocal of :i:0
dfgPass::VERBO:         - invalid TR:4:0
dfgPass::VERBO:     +0 is not a loop
dfgPass::VERBO:     +0 is not a loop
dfgPass::VERBO:     +0 is not a loop
dfgPass::VERBO:     +0 is not a loop
dfgPass::VERBO:     +0 is not a loop
dfgPass::VERBO:       - BEFORE BREAK
dfgPass::VERBO:       - for.cond7
dfgPass::VERBO:         - memlocal of :i:0
dfgPass::VERBO:         - memlocal of :max_N:0
dfgPass::VERBO:       - AFTER BREAK
dfgPass::VERBO:       - for.body9
dfgPass::VERBO:         - memlocal of :i:0
dfgPass::VERBO:         - memlocal of :i:0
dfgPass::VERBO:         - memlocal of :ext:0
dfgPass::VERBO:         - invalid TR:4:0
dfgPass::VERBO:       - BEFORE BREAK
dfgPass::VERBO:       - for.cond
dfgPass::VERBO:         - memlocal of :i:0
dfgPass::VERBO:         - memlocal of :min_N:0
dfgPass::VERBO:       - AFTER BREAK
dfgPass::VERBO:       - for.body
dfgPass::VERBO:         - memlocal of :i:0
dfgPass::VERBO:         - memlocal of :i:0
dfgPass::VERBO:         - memlocal of :RHS:0
dfgPass::VERBO:         - memlocal of :i:0
dfgPass::VERBO:         - invalid TR:4:0
dfgPass::VERBO:     +0 is not a loop
dfgPass::VERBO:     +0 is not a loop
dfgPass::VERBO:     +0 is not a loop
dfgPass::VERBO:     +0 is not a loop
dfgPass::VERBO:     +0 is not a loop
dfgPass::VERBO:     +0 is not a loop
dfgPass::VERBO:     +0 is not a loop
dfgPass::VERBO:     +0 is not a loop
dfgPass::VERBO:       - BEFORE BREAK
dfgPass::VERBO:       - for.cond
dfgPass::VERBO:         - memlocal of :i:0
dfgPass::VERBO:         - LCV conditional branch 6:48
dfgPass::VERBO:       - AFTER BREAK
dfgPass::VERBO:       - for.body
dfgPass::VERBO:         - memlocal of :i:0
dfgPass::VERBO:       - AFTER BREAK
dfgPass::VERBO:       - for.inc
dfgPass::VERBO:         - memlocal of :i:0
dfgPass::VERBO:         - memlocal of :i:1
dfgPass::VERBO:       - AFTER BREAK
dfgPass::VERBO:       - BEFORE BREAK
dfgPass::VERBO:       - for.cond9
dfgPass::VERBO:         - memlocal of :i:0
dfgPass::VERBO:         - LCV conditional branch 6:48
dfgPass::VERBO:       - AFTER BREAK
dfgPass::VERBO:       - for.body11
dfgPass::VERBO:         - memlocal of :i:0
dfgPass::VERBO:       - AFTER BREAK
dfgPass::VERBO:       - for.inc15
dfgPass::VERBO:         - memlocal of :i:0
dfgPass::VERBO:         - memlocal of :i:1
dfgPass::VERBO:       - AFTER BREAK
dfgPass::VERBO:     _ZN10ap_privateILi65ELb1ELb0EE10set_canaryEv is skipped for analysis (only accesses local vars)
dfgPass::VERBO:     _ZN10ap_privateILi65ELb1ELb0EE12check_canaryEv is skipped for analysis (only accesses local vars)
dfgPass::VERBO:     +0 is not a loop
dfgPass::VERBO:       - BEFORE BREAK
dfgPass::VERBO:       - for.cond
dfgPass::VERBO:         - memlocal of :i:0
dfgPass::VERBO:         - LCV conditional branch 6:48
dfgPass::VERBO:       - AFTER BREAK
dfgPass::VERBO:       - for.body
dfgPass::VERBO:         - memlocal of :i:0
dfgPass::VERBO:       - AFTER BREAK
dfgPass::VERBO:       - for.inc
dfgPass::VERBO:         - memlocal of :i:0
dfgPass::VERBO:         - memlocal of :i:1
dfgPass::VERBO:       - AFTER BREAK
dfgPass::VERBO:       - BEFORE BREAK
dfgPass::VERBO:       - for.cond10
dfgPass::VERBO:         - memlocal of :i:0
dfgPass::VERBO:         - LCV conditional branch 6:48
dfgPass::VERBO:       - AFTER BREAK
dfgPass::VERBO:       - for.body12
dfgPass::VERBO:         - memlocal of :i:0
dfgPass::VERBO:       - AFTER BREAK
dfgPass::VERBO:       - for.inc16
dfgPass::VERBO:         - memlocal of :i:0
dfgPass::VERBO:         - memlocal of :i:1
dfgPass::VERBO:       - AFTER BREAK
dfgPass::VERBO:     +0 is not a loop
dfgPass::VERBO:     _ZN10ap_privateILi64ELb1ELb1EE10set_canaryEv is skipped for analysis (only accesses local vars)
dfgPass::VERBO:     +0 is not a loop
dfgPass::VERBO:     _ZN10ap_privateILi64ELb1ELb1EE12check_canaryEv is skipped for analysis (only accesses local vars)
dfgPass::VERBO:     +0 is not a loop
dfgPass::VERBO:     +0 is not a loop
dfgPass::VERBO:     +0 is not a loop
dfgPass::VERBO:     +0 is not a loop
dfgPass::VERBO:     +0 is not a loop
dfgPass::VERBO:     +0 is not a loop
dfgPass::VERBO:     +0 is not a loop
dfgPass::VERBO:     +0 is not a loop
dfgPass::VERBO:     +0 is not a loop
dfgPass::VERBO:     +0 is not a loop
dfgPass::VERBO:     +0 is not a loop
dfgPass::VERBO:     +0 is not a loop
dfgPass::VERBO:     +0 is not a loop
dfgPass::VERBO:     +0 is not a loop
dfgPass::VERBO:     _ZN10ap_privateILi56ELb1ELb1EE10set_canaryEv is skipped for analysis (only accesses local vars)
dfgPass::VERBO:     +0 is not a loop
dfgPass::VERBO:     _ZN10ap_privateILi56ELb1ELb1EE12check_canaryEv is skipped for analysis (only accesses local vars)
dfgPass::VERBO:     +0 is not a loop
dfgPass::VERBO:     +0 is not a loop
dfgPass::VERBO:     +0 is not a loop
dfgPass::VERBO:     +0 is not a loop
dfgPass::VERBO:     _ZN10ap_privateILi55ELb1ELb1EE10set_canaryEv is skipped for analysis (only accesses local vars)
dfgPass::VERBO:     _ZN10ap_privateILi55ELb1ELb1EE12check_canaryEv is skipped for analysis (only accesses local vars)
dfgPass::VERBO:     +0 is not a loop
dfgPass::VERBO:     +0 is not a loop
dfgPass::VERBO:     +0 is not a loop
dfgPass::VERBO:     +0 is not a loop
dfgPass::VERBO:     +0 is not a loop
dfgPass::VERBO:     +0 is not a loop
dfgPass::VERBO:     +0 is not a loop
dfgPass::VERBO:     +0 is not a loop
dfgPass::VERBO:     +0 is not a loop
dfgPass::VERBO:     +0 is not a loop
dfgPass::VERBO:     +0 is not a loop
dfgPass::VERBO:     +0 is not a loop
dfgPass::VERBO:     +0 is not a loop
dfgPass::VERBO:     +0 is not a loop
dfgPass::VERBO:     +0 is not a loop
dfgPass::VERBO:     +0 is not a loop
dfgPass::VERBO:     +0 is not a loop
dfgPass::VERBO:     +0 is not a loop
dfgPass::VERBO:     +0 is not a loop
dfgPass::VERBO:     +0 is not a loop
dfgPass::VERBO:     +0 is not a loop
dfgPass::VERBO:     +0 is not a loop
dfgPass::VERBO:     +0 is not a loop
dfgPass::VERBO:     +0 is not a loop
dfgPass::VERBO:     _ZN10ap_privateILi11ELb0ELb1EE10set_canaryEv is skipped for analysis (only accesses local vars)
dfgPass::VERBO:     _ZN10ap_privateILi11ELb0ELb1EE12check_canaryEv is skipped for analysis (only accesses local vars)
dfgPass::VERBO:     +0 is not a loop
dfgPass::VERBO:     +0 is not a loop
dfgPass::VERBO:     +0 is not a loop
dfgPass::VERBO:     +0 is not a loop
dfgPass::VERBO:     +0 is not a loop
dfgPass::VERBO:     +0 is not a loop
dfgPass::VERBO:     +0 is not a loop
dfgPass::VERBO:     +0 is not a loop
dfgPass::VERBO:     +0 is not a loop
dfgPass::VERBO:     +0 is not a loop
dfgPass::VERBO:     +0 is not a loop
dfgPass::VERBO:     +0 is not a loop
dfgPass::VERBO:     +0 is not a loop
dfgPass::VERBO:     +0 is not a loop
dfgPass::VERBO:     +0 is not a loop
dfgPass::VERBO:     +0 is not a loop
dfgPass::VERBO:     +0 is not a loop
dfgPass::VERBO:     +0 is not a loop
dfgPass::VERBO:     +0 is not a loop
dfgPass::VERBO:     +1 fails R.hasBlockSchema
dfgPass::VERBO:       - BEFORE BREAK
dfgPass::VERBO:       - for.cond
dfgPass::VERBO:         - memlocal of :i:0
dfgPass::VERBO:         - LCV conditional branch 6:48
dfgPass::VERBO:       - AFTER BREAK
dfgPass::VERBO:       - for.body
dfgPass::VERBO:         - memlocal of :delay_line:0
dfgPass::VERBO:         - memlocal of :i:0
dfgPass::VERBO:         - memlocal of :delay_line:0
dfgPass::VERBO:         - memlocal of :i:0
dfgPass::VERBO:       - AFTER BREAK
dfgPass::VERBO:       - for.inc
dfgPass::VERBO:         - memlocal of :i:0
dfgPass::VERBO:         - memlocal of :i:1
dfgPass::VERBO:       - AFTER BREAK
dfgPass::VERBO:     +0 is not a loop
dfgPass::INFOR:     Parsing trace...
dfgPass::INFOR:     End of the trace parse
